<?xml version="1.0" encoding="UTF-8"?>
<coverage generated="1574039905896" clover="3.2.0">
  <project timestamp="1574039905896" name="All files">
    <metrics statements="218" coveredstatements="199" conditionals="103" coveredconditionals="84" methods="51" coveredmethods="49" elements="372" coveredelements="332" complexity="0" loc="218" ncloc="218" packages="1" files="1" classes="1"/>
    <file name="app.js" path="C:\Users\jerem\Documents\School\UBC\CPEN321\CPEN321\backend\app.js">
      <metrics statements="218" coveredstatements="199" conditionals="103" coveredconditionals="84" methods="51" coveredmethods="49"/>
      <line num="1" count="2" type="stmt"/>
      <line num="2" count="2" type="stmt"/>
      <line num="3" count="2" type="stmt"/>
      <line num="4" count="2" type="stmt"/>
      <line num="5" count="2" type="stmt"/>
      <line num="6" count="2" type="stmt"/>
      <line num="7" count="2" type="stmt"/>
      <line num="9" count="2" type="stmt"/>
      <line num="10" count="2" type="stmt"/>
      <line num="12" count="2" type="stmt"/>
      <line num="17" count="2" type="stmt"/>
      <line num="18" count="2" type="stmt"/>
      <line num="20" count="2" type="stmt"/>
      <line num="22" count="2" type="stmt"/>
      <line num="24" count="2" type="stmt"/>
      <line num="26" count="0" type="stmt"/>
      <line num="29" count="0" type="stmt"/>
      <line num="33" count="2" type="stmt"/>
      <line num="35" count="2" type="stmt"/>
      <line num="36" count="21" type="stmt"/>
      <line num="38" count="21" type="stmt"/>
      <line num="41" count="2" type="stmt"/>
      <line num="42" count="6" type="stmt"/>
      <line num="43" count="6" type="stmt"/>
      <line num="44" count="6" type="cond" truecount="1" falsecount="1"/>
      <line num="46" count="0" type="stmt"/>
      <line num="48" count="6" type="stmt"/>
      <line num="52" count="2" type="stmt"/>
      <line num="53" count="7" type="cond" truecount="9" falsecount="0"/>
      <line num="57" count="2" type="stmt"/>
      <line num="58" count="4" type="cond" truecount="3" falsecount="0"/>
      <line num="61" count="2" type="stmt"/>
      <line num="62" count="13" type="cond" truecount="3" falsecount="0"/>
      <line num="66" count="2" type="stmt"/>
      <line num="67" count="7" type="stmt"/>
      <line num="68" count="7" type="stmt"/>
      <line num="69" count="5" type="cond" truecount="2" falsecount="0"/>
      <line num="74" count="4" type="stmt"/>
      <line num="77" count="7" type="stmt"/>
      <line num="80" count="2" type="stmt"/>
      <line num="81" count="4" type="stmt"/>
      <line num="83" count="4" type="stmt"/>
      <line num="84" count="4" type="cond" truecount="1" falsecount="1"/>
      <line num="85" count="0" type="stmt"/>
      <line num="88" count="4" type="cond" truecount="2" falsecount="0"/>
      <line num="89" count="3" type="stmt"/>
      <line num="90" count="3" type="cond" truecount="1" falsecount="1"/>
      <line num="91" count="0" type="stmt"/>
      <line num="93" count="3" type="stmt"/>
      <line num="94" count="3" type="stmt"/>
      <line num="97" count="3" type="stmt"/>
      <line num="101" count="1" type="stmt"/>
      <line num="107" count="2" type="stmt"/>
      <line num="109" count="2" type="stmt"/>
      <line num="111" count="2" type="cond" truecount="1" falsecount="1"/>
      <line num="112" count="0" type="stmt"/>
      <line num="113" count="2" type="cond" truecount="2" falsecount="0"/>
      <line num="114" count="1" type="stmt"/>
      <line num="115" count="1" type="stmt"/>
      <line num="118" count="1" type="stmt"/>
      <line num="120" count="1" type="stmt"/>
      <line num="126" count="2" type="stmt"/>
      <line num="129" count="2" type="stmt"/>
      <line num="131" count="2" type="stmt"/>
      <line num="132" count="2" type="cond" truecount="1" falsecount="1"/>
      <line num="133" count="0" type="stmt"/>
      <line num="136" count="2" type="stmt"/>
      <line num="141" count="2" type="stmt"/>
      <line num="144" count="3" type="stmt"/>
      <line num="145" count="3" type="stmt"/>
      <line num="149" count="2" type="stmt"/>
      <line num="152" count="1" type="stmt"/>
      <line num="154" count="1" type="stmt"/>
      <line num="155" count="1" type="cond" truecount="1" falsecount="1"/>
      <line num="156" count="0" type="stmt"/>
      <line num="159" count="1" type="stmt"/>
      <line num="164" count="2" type="stmt"/>
      <line num="167" count="2" type="stmt"/>
      <line num="169" count="2" type="stmt"/>
      <line num="172" count="2" type="cond" truecount="1" falsecount="1"/>
      <line num="173" count="0" type="stmt"/>
      <line num="176" count="2" type="stmt"/>
      <line num="181" count="2" type="stmt"/>
      <line num="184" count="3" type="stmt"/>
      <line num="185" count="3" type="stmt"/>
      <line num="187" count="2" type="stmt"/>
      <line num="188" count="2" type="cond" truecount="1" falsecount="1"/>
      <line num="189" count="0" type="stmt"/>
      <line num="191" count="2" type="stmt"/>
      <line num="194" count="1" type="stmt"/>
      <line num="198" count="2" type="stmt"/>
      <line num="199" count="2" type="stmt"/>
      <line num="201" count="2" type="stmt"/>
      <line num="202" count="2" type="stmt"/>
      <line num="203" count="2" type="stmt"/>
      <line num="204" count="2" type="stmt"/>
      <line num="205" count="2" type="stmt"/>
      <line num="206" count="2" type="stmt"/>
      <line num="207" count="2" type="stmt"/>
      <line num="208" count="2" type="stmt"/>
      <line num="213" count="2" type="stmt"/>
      <line num="214" count="2" type="stmt"/>
      <line num="215" count="2" type="stmt"/>
      <line num="216" count="2" type="stmt"/>
      <line num="217" count="2" type="stmt"/>
      <line num="218" count="2" type="stmt"/>
      <line num="223" count="2" type="stmt"/>
      <line num="224" count="2" type="stmt"/>
      <line num="226" count="1" type="cond" truecount="1" falsecount="1"/>
      <line num="227" count="1" type="stmt"/>
      <line num="228" count="1" type="stmt"/>
      <line num="229" count="2" type="cond" truecount="1" falsecount="1"/>
      <line num="230" count="2" type="stmt"/>
      <line num="237" count="1" type="stmt"/>
      <line num="243" count="2" type="stmt"/>
      <line num="244" count="2" type="stmt"/>
      <line num="245" count="2" type="stmt"/>
      <line num="246" count="2" type="stmt"/>
      <line num="247" count="2" type="stmt"/>
      <line num="248" count="2" type="stmt"/>
      <line num="252" count="2" type="stmt"/>
      <line num="253" count="2" type="stmt"/>
      <line num="254" count="2" type="stmt"/>
      <line num="257" count="2" type="stmt"/>
      <line num="261" count="2" type="cond" truecount="1" falsecount="1"/>
      <line num="262" count="0" type="stmt"/>
      <line num="266" count="2" type="stmt"/>
      <line num="268" count="2" type="stmt"/>
      <line num="272" count="2" type="stmt"/>
      <line num="273" count="2" type="cond" truecount="2" falsecount="0"/>
      <line num="274" count="1" type="stmt"/>
      <line num="278" count="2" type="stmt"/>
      <line num="279" count="2" type="stmt"/>
      <line num="280" count="2" type="stmt"/>
      <line num="281" count="2" type="cond" truecount="2" falsecount="0"/>
      <line num="282" count="1" type="stmt"/>
      <line num="284" count="2" type="cond" truecount="2" falsecount="0"/>
      <line num="285" count="1" type="stmt"/>
      <line num="289" count="2" type="stmt"/>
      <line num="305" count="2" type="stmt"/>
      <line num="311" count="2" type="stmt"/>
      <line num="313" count="3" type="cond" truecount="1" falsecount="1"/>
      <line num="314" count="0" type="stmt"/>
      <line num="318" count="3" type="cond" truecount="3" falsecount="1"/>
      <line num="319" count="3" type="stmt"/>
      <line num="323" count="0" type="stmt"/>
      <line num="329" count="2" type="stmt"/>
      <line num="334" count="2" type="stmt"/>
      <line num="336" count="3" type="stmt"/>
      <line num="337" count="3" type="cond" truecount="4" falsecount="0"/>
      <line num="338" count="2" type="stmt"/>
      <line num="341" count="3" type="cond" truecount="4" falsecount="0"/>
      <line num="342" count="2" type="stmt"/>
      <line num="348" count="3" type="stmt"/>
      <line num="350" count="3" type="cond" truecount="2" falsecount="0"/>
      <line num="351" count="1" type="stmt"/>
      <line num="353" count="2" type="stmt"/>
      <line num="359" count="2" type="stmt"/>
      <line num="360" count="1" type="stmt"/>
      <line num="363" count="2" type="stmt"/>
      <line num="365" count="2" type="stmt"/>
      <line num="366" count="2" type="cond" truecount="1" falsecount="1"/>
      <line num="367" count="0" type="stmt"/>
      <line num="369" count="2" type="stmt"/>
      <line num="376" count="2" type="stmt"/>
      <line num="377" count="2" type="stmt"/>
      <line num="378" count="2" type="stmt"/>
      <line num="379" count="2" type="stmt"/>
      <line num="380" count="2" type="stmt"/>
      <line num="381" count="2" type="stmt"/>
      <line num="382" count="2" type="stmt"/>
      <line num="383" count="2" type="stmt"/>
      <line num="384" count="2" type="stmt"/>
      <line num="385" count="7" type="stmt"/>
      <line num="390" count="7" type="stmt"/>
      <line num="395" count="7" type="cond" truecount="1" falsecount="1"/>
      <line num="396" count="0" type="stmt"/>
      <line num="402" count="7" type="stmt"/>
      <line num="403" count="7" type="stmt"/>
      <line num="404" count="7" type="cond" truecount="2" falsecount="0"/>
      <line num="406" count="5" type="stmt"/>
      <line num="409" count="7" type="cond" truecount="4" falsecount="0"/>
      <line num="412" count="1" type="cond" truecount="1" falsecount="1"/>
      <line num="413" count="0" type="stmt"/>
      <line num="416" count="1" type="stmt"/>
      <line num="422" count="6" type="cond" truecount="2" falsecount="0"/>
      <line num="424" count="2" type="stmt"/>
      <line num="426" count="6" type="cond" truecount="2" falsecount="0"/>
      <line num="428" count="1" type="cond" truecount="1" falsecount="1"/>
      <line num="429" count="0" type="stmt"/>
      <line num="432" count="1" type="stmt"/>
      <line num="437" count="5" type="stmt"/>
      <line num="438" count="5" type="stmt"/>
      <line num="440" count="5" type="stmt"/>
      <line num="441" count="5" type="stmt"/>
      <line num="443" count="5" type="cond" truecount="2" falsecount="0"/>
      <line num="445" count="4" type="cond" truecount="1" falsecount="1"/>
      <line num="446" count="0" type="stmt"/>
      <line num="450" count="5" type="stmt"/>
      <line num="458" count="2" type="stmt"/>
      <line num="463" count="4" type="stmt"/>
      <line num="468" count="4" type="cond" truecount="1" falsecount="1"/>
      <line num="469" count="0" type="stmt"/>
      <line num="474" count="4" type="stmt"/>
      <line num="475" count="4" type="stmt"/>
      <line num="476" count="4" type="cond" truecount="2" falsecount="0"/>
      <line num="478" count="2" type="stmt"/>
      <line num="482" count="2" type="stmt"/>
      <line num="485" count="4" type="stmt"/>
      <line num="490" count="2" type="stmt"/>
      <line num="491" count="1" type="stmt"/>
      <line num="494" count="2" type="stmt"/>
      <line num="495" count="1" type="stmt"/>
      <line num="498" count="2" type="stmt"/>
      <line num="499" count="1" type="stmt"/>
      <line num="502" count="2" type="stmt"/>
      <line num="503" count="1" type="stmt"/>
      <line num="506" count="2" type="stmt"/>
    </file>
  </project>
</coverage>
