{"C:\\Users\\jerem\\Documents\\School\\UBC\\CPEN321\\CPEN321\\backend\\app.js": {"path":"C:\\Users\\jerem\\Documents\\School\\UBC\\CPEN321\\CPEN321\\backend\\app.js","statementMap":{"0":{"start":{"line":1,"column":16},"end":{"line":1,"column":34}},"1":{"start":{"line":2,"column":20},"end":{"line":2,"column":50}},"2":{"start":{"line":3,"column":15},"end":{"line":3,"column":32}},"3":{"start":{"line":4,"column":19},"end":{"line":4,"column":41}},"4":{"start":{"line":5,"column":15},"end":{"line":5,"column":32}},"5":{"start":{"line":6,"column":14},"end":{"line":6,"column":39}},"6":{"start":{"line":7,"column":23},"end":{"line":7,"column":49}},"7":{"start":{"line":9,"column":12},"end":{"line":9,"column":21}},"8":{"start":{"line":10,"column":16},"end":{"line":10,"column":38}},"9":{"start":{"line":12,"column":0},"end":{"line":15,"column":3}},"10":{"start":{"line":17,"column":17},"end":{"line":17,"column":34}},"11":{"start":{"line":18,"column":0},"end":{"line":18,"column":26}},"12":{"start":{"line":20,"column":0},"end":{"line":20,"column":101}},"13":{"start":{"line":20,"column":59},"end":{"line":20,"column":98}},"14":{"start":{"line":22,"column":0},"end":{"line":22,"column":59}},"15":{"start":{"line":24,"column":16},"end":{"line":31,"column":2}},"16":{"start":{"line":26,"column":4},"end":{"line":26,"column":37}},"17":{"start":{"line":29,"column":4},"end":{"line":29,"column":74}},"18":{"start":{"line":33,"column":15},"end":{"line":33,"column":43}},"19":{"start":{"line":35,"column":25},"end":{"line":39,"column":1}},"20":{"start":{"line":36,"column":16},"end":{"line":36,"column":34}},"21":{"start":{"line":38,"column":4},"end":{"line":38,"column":38}},"22":{"start":{"line":41,"column":26},"end":{"line":50,"column":1}},"23":{"start":{"line":42,"column":2},"end":{"line":42,"column":54}},"24":{"start":{"line":43,"column":2},"end":{"line":49,"column":5}},"25":{"start":{"line":44,"column":6},"end":{"line":47,"column":7}},"26":{"start":{"line":46,"column":10},"end":{"line":46,"column":20}},"27":{"start":{"line":48,"column":6},"end":{"line":48,"column":15}},"28":{"start":{"line":52,"column":24},"end":{"line":55,"column":1}},"29":{"start":{"line":53,"column":4},"end":{"line":54,"column":125}},"30":{"start":{"line":57,"column":37},"end":{"line":59,"column":1}},"31":{"start":{"line":58,"column":4},"end":{"line":58,"column":93}},"32":{"start":{"line":61,"column":34},"end":{"line":63,"column":1}},"33":{"start":{"line":62,"column":4},"end":{"line":62,"column":108}},"34":{"start":{"line":66,"column":27},"end":{"line":78,"column":1}},"35":{"start":{"line":67,"column":27},"end":{"line":67,"column":29}},"36":{"start":{"line":68,"column":4},"end":{"line":76,"column":7}},"37":{"start":{"line":69,"column":8},"end":{"line":75,"column":9}},"38":{"start":{"line":74,"column":12},"end":{"line":74,"column":43}},"39":{"start":{"line":77,"column":4},"end":{"line":77,"column":28}},"40":{"start":{"line":80,"column":0},"end":{"line":105,"column":3}},"41":{"start":{"line":81,"column":2},"end":{"line":81,"column":56}},"42":{"start":{"line":83,"column":2},"end":{"line":104,"column":5}},"43":{"start":{"line":84,"column":4},"end":{"line":103,"column":5}},"44":{"start":{"line":85,"column":6},"end":{"line":85,"column":26}},"45":{"start":{"line":88,"column":6},"end":{"line":102,"column":7}},"46":{"start":{"line":89,"column":8},"end":{"line":99,"column":11}},"47":{"start":{"line":90,"column":10},"end":{"line":98,"column":11}},"48":{"start":{"line":91,"column":12},"end":{"line":91,"column":32}},"49":{"start":{"line":93,"column":12},"end":{"line":93,"column":69}},"50":{"start":{"line":94,"column":28},"end":{"line":96,"column":13}},"51":{"start":{"line":97,"column":12},"end":{"line":97,"column":47}},"52":{"start":{"line":101,"column":8},"end":{"line":101,"column":28}},"53":{"start":{"line":107,"column":0},"end":{"line":124,"column":3}},"54":{"start":{"line":109,"column":2},"end":{"line":123,"column":5}},"55":{"start":{"line":111,"column":4},"end":{"line":121,"column":5}},"56":{"start":{"line":112,"column":6},"end":{"line":112,"column":26}},"57":{"start":{"line":113,"column":11},"end":{"line":121,"column":5}},"58":{"start":{"line":114,"column":6},"end":{"line":114,"column":63}},"59":{"start":{"line":115,"column":22},"end":{"line":117,"column":7}},"60":{"start":{"line":118,"column":6},"end":{"line":118,"column":41}},"61":{"start":{"line":120,"column":6},"end":{"line":120,"column":26}},"62":{"start":{"line":126,"column":0},"end":{"line":139,"column":3}},"63":{"start":{"line":129,"column":15},"end":{"line":129,"column":48}},"64":{"start":{"line":131,"column":4},"end":{"line":138,"column":11}},"65":{"start":{"line":132,"column":16},"end":{"line":137,"column":17}},"66":{"start":{"line":133,"column":24},"end":{"line":133,"column":44}},"67":{"start":{"line":136,"column":24},"end":{"line":136,"column":44}},"68":{"start":{"line":141,"column":0},"end":{"line":147,"column":3}},"69":{"start":{"line":144,"column":2},"end":{"line":146,"column":5}},"70":{"start":{"line":145,"column":4},"end":{"line":145,"column":21}},"71":{"start":{"line":149,"column":0},"end":{"line":162,"column":3}},"72":{"start":{"line":152,"column":15},"end":{"line":152,"column":49}},"73":{"start":{"line":154,"column":2},"end":{"line":161,"column":5}},"74":{"start":{"line":155,"column":4},"end":{"line":160,"column":5}},"75":{"start":{"line":156,"column":6},"end":{"line":156,"column":26}},"76":{"start":{"line":159,"column":6},"end":{"line":159,"column":23}},"77":{"start":{"line":164,"column":0},"end":{"line":179,"column":3}},"78":{"start":{"line":167,"column":13},"end":{"line":167,"column":46}},"79":{"start":{"line":169,"column":2},"end":{"line":178,"column":5}},"80":{"start":{"line":172,"column":4},"end":{"line":177,"column":5}},"81":{"start":{"line":173,"column":6},"end":{"line":173,"column":26}},"82":{"start":{"line":176,"column":6},"end":{"line":176,"column":23}},"83":{"start":{"line":181,"column":0},"end":{"line":196,"column":3}},"84":{"start":{"line":184,"column":2},"end":{"line":195,"column":3}},"85":{"start":{"line":185,"column":15},"end":{"line":185,"column":51}},"86":{"start":{"line":187,"column":4},"end":{"line":192,"column":7}},"87":{"start":{"line":188,"column":6},"end":{"line":190,"column":7}},"88":{"start":{"line":189,"column":8},"end":{"line":189,"column":28}},"89":{"start":{"line":191,"column":6},"end":{"line":191,"column":26}},"90":{"start":{"line":194,"column":4},"end":{"line":194,"column":24}},"91":{"start":{"line":198,"column":0},"end":{"line":241,"column":3}},"92":{"start":{"line":199,"column":2},"end":{"line":199,"column":56}},"93":{"start":{"line":201,"column":21},"end":{"line":201,"column":29}},"94":{"start":{"line":202,"column":2},"end":{"line":202,"column":59}},"95":{"start":{"line":203,"column":2},"end":{"line":203,"column":61}},"96":{"start":{"line":204,"column":2},"end":{"line":204,"column":53}},"97":{"start":{"line":205,"column":2},"end":{"line":205,"column":55}},"98":{"start":{"line":206,"column":2},"end":{"line":206,"column":57}},"99":{"start":{"line":207,"column":2},"end":{"line":207,"column":37}},"100":{"start":{"line":208,"column":2},"end":{"line":208,"column":61}},"101":{"start":{"line":213,"column":2},"end":{"line":240,"column":5}},"102":{"start":{"line":214,"column":4},"end":{"line":214,"column":34}},"103":{"start":{"line":215,"column":4},"end":{"line":239,"column":9}},"104":{"start":{"line":216,"column":33},"end":{"line":216,"column":66}},"105":{"start":{"line":216,"column":52},"end":{"line":216,"column":65}},"106":{"start":{"line":217,"column":31},"end":{"line":217,"column":118}},"107":{"start":{"line":218,"column":22},"end":{"line":221,"column":9}},"108":{"start":{"line":223,"column":8},"end":{"line":238,"column":9}},"109":{"start":{"line":224,"column":10},"end":{"line":235,"column":15}},"110":{"start":{"line":226,"column":16},"end":{"line":234,"column":17}},"111":{"start":{"line":227,"column":41},"end":{"line":227,"column":43}},"112":{"start":{"line":228,"column":20},"end":{"line":232,"column":23}},"113":{"start":{"line":229,"column":22},"end":{"line":231,"column":23}},"114":{"start":{"line":230,"column":26},"end":{"line":230,"column":69}},"115":{"start":{"line":237,"column":10},"end":{"line":237,"column":17}},"116":{"start":{"line":243,"column":28},"end":{"line":243,"column":29}},"117":{"start":{"line":244,"column":30},"end":{"line":244,"column":33}},"118":{"start":{"line":245,"column":25},"end":{"line":245,"column":27}},"119":{"start":{"line":246,"column":16},"end":{"line":246,"column":20}},"120":{"start":{"line":247,"column":30},"end":{"line":247,"column":32}},"121":{"start":{"line":248,"column":0},"end":{"line":374,"column":3}},"122":{"start":{"line":252,"column":21},"end":{"line":252,"column":23}},"123":{"start":{"line":253,"column":12},"end":{"line":253,"column":46}},"124":{"start":{"line":254,"column":2},"end":{"line":254,"column":31}},"125":{"start":{"line":257,"column":2},"end":{"line":373,"column":5}},"126":{"start":{"line":261,"column":4},"end":{"line":263,"column":5}},"127":{"start":{"line":262,"column":6},"end":{"line":262,"column":33}},"128":{"start":{"line":266,"column":25},"end":{"line":269,"column":35}},"129":{"start":{"line":266,"column":49},"end":{"line":266,"column":85}},"130":{"start":{"line":268,"column":35},"end":{"line":268,"column":101}},"131":{"start":{"line":272,"column":17},"end":{"line":272,"column":21}},"132":{"start":{"line":273,"column":4},"end":{"line":275,"column":5}},"133":{"start":{"line":274,"column":6},"end":{"line":274,"column":56}},"134":{"start":{"line":278,"column":14},"end":{"line":278,"column":23}},"135":{"start":{"line":279,"column":14},"end":{"line":279,"column":15}},"136":{"start":{"line":280,"column":4},"end":{"line":287,"column":5}},"137":{"start":{"line":280,"column":16},"end":{"line":280,"column":17}},"138":{"start":{"line":281,"column":6},"end":{"line":283,"column":7}},"139":{"start":{"line":282,"column":8},"end":{"line":282,"column":33}},"140":{"start":{"line":284,"column":6},"end":{"line":286,"column":7}},"141":{"start":{"line":285,"column":8},"end":{"line":285,"column":33}},"142":{"start":{"line":289,"column":37},"end":{"line":302,"column":37}},"143":{"start":{"line":305,"column":4},"end":{"line":372,"column":7}},"144":{"start":{"line":311,"column":26},"end":{"line":326,"column":8}},"145":{"start":{"line":313,"column":8},"end":{"line":325,"column":9}},"146":{"start":{"line":314,"column":10},"end":{"line":314,"column":22}},"147":{"start":{"line":318,"column":10},"end":{"line":324,"column":11}},"148":{"start":{"line":319,"column":12},"end":{"line":321,"column":72}},"149":{"start":{"line":323,"column":12},"end":{"line":323,"column":25}},"150":{"start":{"line":329,"column":23},"end":{"line":329,"column":32}},"151":{"start":{"line":334,"column":6},"end":{"line":355,"column":9}},"152":{"start":{"line":336,"column":20},"end":{"line":336,"column":21}},"153":{"start":{"line":337,"column":8},"end":{"line":339,"column":9}},"154":{"start":{"line":338,"column":10},"end":{"line":338,"column":18}},"155":{"start":{"line":341,"column":8},"end":{"line":343,"column":9}},"156":{"start":{"line":342,"column":10},"end":{"line":342,"column":18}},"157":{"start":{"line":348,"column":23},"end":{"line":348,"column":48}},"158":{"start":{"line":350,"column":8},"end":{"line":354,"column":9}},"159":{"start":{"line":351,"column":10},"end":{"line":351,"column":69}},"160":{"start":{"line":353,"column":10},"end":{"line":353,"column":42}},"161":{"start":{"line":359,"column":29},"end":{"line":363,"column":90}},"162":{"start":{"line":360,"column":55},"end":{"line":360,"column":74}},"163":{"start":{"line":363,"column":64},"end":{"line":363,"column":89}},"164":{"start":{"line":365,"column":6},"end":{"line":371,"column":9}},"165":{"start":{"line":366,"column":8},"end":{"line":370,"column":9}},"166":{"start":{"line":367,"column":10},"end":{"line":367,"column":31}},"167":{"start":{"line":369,"column":10},"end":{"line":369,"column":34}},"168":{"start":{"line":376,"column":16},"end":{"line":376,"column":17}},"169":{"start":{"line":377,"column":17},"end":{"line":377,"column":18}},"170":{"start":{"line":378,"column":18},"end":{"line":378,"column":22}},"171":{"start":{"line":379,"column":22},"end":{"line":379,"column":24}},"172":{"start":{"line":380,"column":16},"end":{"line":380,"column":23}},"173":{"start":{"line":381,"column":26},"end":{"line":381,"column":32}},"174":{"start":{"line":382,"column":27},"end":{"line":382,"column":33}},"175":{"start":{"line":383,"column":24},"end":{"line":383,"column":29}},"176":{"start":{"line":384,"column":0},"end":{"line":456,"column":3}},"177":{"start":{"line":385,"column":8},"end":{"line":385,"column":62}},"178":{"start":{"line":390,"column":4},"end":{"line":455,"column":7}},"179":{"start":{"line":395,"column":8},"end":{"line":454,"column":9}},"180":{"start":{"line":396,"column":12},"end":{"line":396,"column":32}},"181":{"start":{"line":402,"column":35},"end":{"line":402,"column":37}},"182":{"start":{"line":403,"column":36},"end":{"line":403,"column":66}},"183":{"start":{"line":404,"column":12},"end":{"line":407,"column":13}},"184":{"start":{"line":406,"column":16},"end":{"line":406,"column":67}},"185":{"start":{"line":409,"column":12},"end":{"line":453,"column":13}},"186":{"start":{"line":412,"column":16},"end":{"line":414,"column":17}},"187":{"start":{"line":413,"column":18},"end":{"line":413,"column":45}},"188":{"start":{"line":416,"column":16},"end":{"line":417,"column":112}},"189":{"start":{"line":422,"column":16},"end":{"line":425,"column":17}},"190":{"start":{"line":424,"column":20},"end":{"line":424,"column":46}},"191":{"start":{"line":426,"column":16},"end":{"line":434,"column":17}},"192":{"start":{"line":428,"column":20},"end":{"line":430,"column":21}},"193":{"start":{"line":429,"column":22},"end":{"line":429,"column":49}},"194":{"start":{"line":432,"column":20},"end":{"line":433,"column":116}},"195":{"start":{"line":437,"column":37},"end":{"line":439,"column":38}},"196":{"start":{"line":438,"column":38},"end":{"line":438,"column":104}},"197":{"start":{"line":440,"column":29},"end":{"line":440,"column":61}},"198":{"start":{"line":441,"column":29},"end":{"line":441,"column":69}},"199":{"start":{"line":443,"column":16},"end":{"line":448,"column":17}},"200":{"start":{"line":445,"column":20},"end":{"line":447,"column":21}},"201":{"start":{"line":446,"column":22},"end":{"line":446,"column":49}},"202":{"start":{"line":450,"column":16},"end":{"line":452,"column":64}},"203":{"start":{"line":458,"column":0},"end":{"line":488,"column":3}},"204":{"start":{"line":463,"column":8},"end":{"line":487,"column":11}},"205":{"start":{"line":468,"column":16},"end":{"line":486,"column":17}},"206":{"start":{"line":469,"column":20},"end":{"line":469,"column":40}},"207":{"start":{"line":474,"column":43},"end":{"line":474,"column":45}},"208":{"start":{"line":475,"column":44},"end":{"line":475,"column":74}},"209":{"start":{"line":476,"column":20},"end":{"line":483,"column":21}},"210":{"start":{"line":478,"column":24},"end":{"line":478,"column":75}},"211":{"start":{"line":482,"column":24},"end":{"line":482,"column":50}},"212":{"start":{"line":485,"column":20},"end":{"line":485,"column":47}},"213":{"start":{"line":490,"column":0},"end":{"line":492,"column":3}},"214":{"start":{"line":491,"column":2},"end":{"line":491,"column":31}},"215":{"start":{"line":494,"column":0},"end":{"line":496,"column":3}},"216":{"start":{"line":495,"column":2},"end":{"line":495,"column":22}},"217":{"start":{"line":498,"column":0},"end":{"line":500,"column":3}},"218":{"start":{"line":499,"column":2},"end":{"line":499,"column":22}},"219":{"start":{"line":502,"column":0},"end":{"line":504,"column":3}},"220":{"start":{"line":503,"column":2},"end":{"line":503,"column":22}},"221":{"start":{"line":506,"column":0},"end":{"line":514,"column":2}}},"fnMap":{"0":{"name":"(anonymous_0)","decl":{"start":{"line":20,"column":43},"end":{"line":20,"column":44}},"loc":{"start":{"line":20,"column":58},"end":{"line":20,"column":99}},"line":20},"1":{"name":"(anonymous_1)","decl":{"start":{"line":25,"column":2},"end":{"line":25,"column":3}},"loc":{"start":{"line":25,"column":35},"end":{"line":27,"column":3}},"line":25},"2":{"name":"(anonymous_2)","decl":{"start":{"line":28,"column":2},"end":{"line":28,"column":3}},"loc":{"start":{"line":28,"column":32},"end":{"line":30,"column":3}},"line":28},"3":{"name":"(anonymous_3)","decl":{"start":{"line":35,"column":25},"end":{"line":35,"column":26}},"loc":{"start":{"line":35,"column":35},"end":{"line":39,"column":1}},"line":35},"4":{"name":"(anonymous_4)","decl":{"start":{"line":41,"column":26},"end":{"line":41,"column":27}},"loc":{"start":{"line":41,"column":33},"end":{"line":50,"column":1}},"line":41},"5":{"name":"(anonymous_5)","decl":{"start":{"line":43,"column":53},"end":{"line":43,"column":54}},"loc":{"start":{"line":43,"column":70},"end":{"line":49,"column":3}},"line":43},"6":{"name":"(anonymous_6)","decl":{"start":{"line":52,"column":24},"end":{"line":52,"column":25}},"loc":{"start":{"line":52,"column":31},"end":{"line":55,"column":1}},"line":52},"7":{"name":"(anonymous_7)","decl":{"start":{"line":57,"column":37},"end":{"line":57,"column":38}},"loc":{"start":{"line":57,"column":44},"end":{"line":59,"column":1}},"line":57},"8":{"name":"(anonymous_8)","decl":{"start":{"line":61,"column":34},"end":{"line":61,"column":35}},"loc":{"start":{"line":61,"column":41},"end":{"line":63,"column":1}},"line":61},"9":{"name":"(anonymous_9)","decl":{"start":{"line":66,"column":27},"end":{"line":66,"column":28}},"loc":{"start":{"line":66,"column":42},"end":{"line":78,"column":1}},"line":66},"10":{"name":"(anonymous_10)","decl":{"start":{"line":68,"column":19},"end":{"line":68,"column":20}},"loc":{"start":{"line":68,"column":36},"end":{"line":76,"column":5}},"line":68},"11":{"name":"(anonymous_11)","decl":{"start":{"line":80,"column":32},"end":{"line":80,"column":33}},"loc":{"start":{"line":80,"column":45},"end":{"line":105,"column":1}},"line":80},"12":{"name":"(anonymous_12)","decl":{"start":{"line":83,"column":62},"end":{"line":83,"column":63}},"loc":{"start":{"line":83,"column":83},"end":{"line":104,"column":3}},"line":83},"13":{"name":"(anonymous_13)","decl":{"start":{"line":89,"column":51},"end":{"line":89,"column":52}},"loc":{"start":{"line":89,"column":68},"end":{"line":99,"column":9}},"line":89},"14":{"name":"(anonymous_14)","decl":{"start":{"line":107,"column":31},"end":{"line":107,"column":32}},"loc":{"start":{"line":107,"column":44},"end":{"line":124,"column":1}},"line":107},"15":{"name":"(anonymous_15)","decl":{"start":{"line":109,"column":48},"end":{"line":109,"column":49}},"loc":{"start":{"line":109,"column":70},"end":{"line":123,"column":3}},"line":109},"16":{"name":"(anonymous_16)","decl":{"start":{"line":126,"column":44},"end":{"line":126,"column":45}},"loc":{"start":{"line":126,"column":57},"end":{"line":139,"column":1}},"line":126},"17":{"name":"(anonymous_17)","decl":{"start":{"line":131,"column":88},"end":{"line":131,"column":89}},"loc":{"start":{"line":131,"column":108},"end":{"line":138,"column":9}},"line":131},"18":{"name":"(anonymous_18)","decl":{"start":{"line":141,"column":37},"end":{"line":141,"column":38}},"loc":{"start":{"line":141,"column":51},"end":{"line":147,"column":1}},"line":141},"19":{"name":"(anonymous_19)","decl":{"start":{"line":144,"column":51},"end":{"line":144,"column":52}},"loc":{"start":{"line":144,"column":67},"end":{"line":146,"column":3}},"line":144},"20":{"name":"(anonymous_20)","decl":{"start":{"line":149,"column":42},"end":{"line":149,"column":43}},"loc":{"start":{"line":149,"column":56},"end":{"line":162,"column":1}},"line":149},"21":{"name":"(anonymous_21)","decl":{"start":{"line":154,"column":65},"end":{"line":154,"column":66}},"loc":{"start":{"line":154,"column":81},"end":{"line":161,"column":3}},"line":154},"22":{"name":"(anonymous_22)","decl":{"start":{"line":164,"column":48},"end":{"line":164,"column":49}},"loc":{"start":{"line":164,"column":62},"end":{"line":179,"column":1}},"line":164},"23":{"name":"(anonymous_23)","decl":{"start":{"line":171,"column":19},"end":{"line":171,"column":20}},"loc":{"start":{"line":171,"column":35},"end":{"line":178,"column":3}},"line":171},"24":{"name":"(anonymous_24)","decl":{"start":{"line":181,"column":40},"end":{"line":181,"column":41}},"loc":{"start":{"line":181,"column":54},"end":{"line":196,"column":1}},"line":181},"25":{"name":"(anonymous_25)","decl":{"start":{"line":187,"column":61},"end":{"line":187,"column":62}},"loc":{"start":{"line":187,"column":76},"end":{"line":192,"column":5}},"line":187},"26":{"name":"(anonymous_26)","decl":{"start":{"line":198,"column":69},"end":{"line":198,"column":70}},"loc":{"start":{"line":198,"column":80},"end":{"line":241,"column":1}},"line":198},"27":{"name":"(anonymous_27)","decl":{"start":{"line":213,"column":52},"end":{"line":213,"column":53}},"loc":{"start":{"line":213,"column":69},"end":{"line":240,"column":3}},"line":213},"28":{"name":"(anonymous_28)","decl":{"start":{"line":215,"column":75},"end":{"line":215,"column":76}},"loc":{"start":{"line":215,"column":92},"end":{"line":239,"column":7}},"line":215},"29":{"name":"(anonymous_29)","decl":{"start":{"line":216,"column":44},"end":{"line":216,"column":45}},"loc":{"start":{"line":216,"column":52},"end":{"line":216,"column":65}},"line":216},"30":{"name":"(anonymous_30)","decl":{"start":{"line":225,"column":18},"end":{"line":225,"column":19}},"loc":{"start":{"line":225,"column":32},"end":{"line":235,"column":13}},"line":225},"31":{"name":"(anonymous_31)","decl":{"start":{"line":228,"column":47},"end":{"line":228,"column":48}},"loc":{"start":{"line":228,"column":62},"end":{"line":232,"column":21}},"line":228},"32":{"name":"(anonymous_32)","decl":{"start":{"line":248,"column":50},"end":{"line":248,"column":51}},"loc":{"start":{"line":248,"column":64},"end":{"line":374,"column":1}},"line":248},"33":{"name":"(anonymous_33)","decl":{"start":{"line":260,"column":41},"end":{"line":260,"column":42}},"loc":{"start":{"line":260,"column":58},"end":{"line":373,"column":3}},"line":260},"34":{"name":"(anonymous_34)","decl":{"start":{"line":266,"column":39},"end":{"line":266,"column":40}},"loc":{"start":{"line":266,"column":49},"end":{"line":266,"column":85}},"line":266},"35":{"name":"(anonymous_35)","decl":{"start":{"line":267,"column":36},"end":{"line":267,"column":37}},"loc":{"start":{"line":267,"column":54},"end":{"line":269,"column":34}},"line":267},"36":{"name":"(anonymous_36)","decl":{"start":{"line":308,"column":43},"end":{"line":308,"column":44}},"loc":{"start":{"line":308,"column":60},"end":{"line":372,"column":5}},"line":308},"37":{"name":"(anonymous_37)","decl":{"start":{"line":311,"column":40},"end":{"line":311,"column":41}},"loc":{"start":{"line":311,"column":57},"end":{"line":326,"column":7}},"line":311},"38":{"name":"(anonymous_38)","decl":{"start":{"line":334,"column":28},"end":{"line":334,"column":29}},"loc":{"start":{"line":334,"column":46},"end":{"line":355,"column":7}},"line":334},"39":{"name":"(anonymous_39)","decl":{"start":{"line":359,"column":57},"end":{"line":359,"column":58}},"loc":{"start":{"line":359,"column":71},"end":{"line":361,"column":54}},"line":359},"40":{"name":"(anonymous_40)","decl":{"start":{"line":363,"column":56},"end":{"line":363,"column":57}},"loc":{"start":{"line":363,"column":64},"end":{"line":363,"column":89}},"line":363},"41":{"name":"(anonymous_41)","decl":{"start":{"line":365,"column":78},"end":{"line":365,"column":79}},"loc":{"start":{"line":365,"column":95},"end":{"line":371,"column":7}},"line":365},"42":{"name":"(anonymous_42)","decl":{"start":{"line":384,"column":45},"end":{"line":384,"column":46}},"loc":{"start":{"line":384,"column":56},"end":{"line":456,"column":1}},"line":384},"43":{"name":"(anonymous_43)","decl":{"start":{"line":394,"column":16},"end":{"line":394,"column":17}},"loc":{"start":{"line":394,"column":32},"end":{"line":455,"column":5}},"line":394},"44":{"name":"(anonymous_44)","decl":{"start":{"line":437,"column":58},"end":{"line":437,"column":59}},"loc":{"start":{"line":437,"column":76},"end":{"line":439,"column":37}},"line":437},"45":{"name":"(anonymous_45)","decl":{"start":{"line":458,"column":48},"end":{"line":458,"column":49}},"loc":{"start":{"line":458,"column":62},"end":{"line":488,"column":1}},"line":458},"46":{"name":"(anonymous_46)","decl":{"start":{"line":467,"column":20},"end":{"line":467,"column":21}},"loc":{"start":{"line":467,"column":36},"end":{"line":487,"column":9}},"line":467},"47":{"name":"(anonymous_47)","decl":{"start":{"line":490,"column":17},"end":{"line":490,"column":18}},"loc":{"start":{"line":490,"column":31},"end":{"line":492,"column":1}},"line":490},"48":{"name":"(anonymous_48)","decl":{"start":{"line":494,"column":27},"end":{"line":494,"column":28}},"loc":{"start":{"line":494,"column":41},"end":{"line":496,"column":1}},"line":494},"49":{"name":"(anonymous_49)","decl":{"start":{"line":498,"column":28},"end":{"line":498,"column":29}},"loc":{"start":{"line":498,"column":40},"end":{"line":500,"column":1}},"line":498},"50":{"name":"(anonymous_50)","decl":{"start":{"line":502,"column":25},"end":{"line":502,"column":26}},"loc":{"start":{"line":502,"column":36},"end":{"line":504,"column":1}},"line":502}},"branchMap":{"0":{"loc":{"start":{"line":44,"column":6},"end":{"line":47,"column":7}},"type":"if","locations":[{"start":{"line":44,"column":6},"end":{"line":47,"column":7}},{"start":{"line":44,"column":6},"end":{"line":47,"column":7}}],"line":44},"1":{"loc":{"start":{"line":53,"column":11},"end":{"line":54,"column":124}},"type":"binary-expr","locations":[{"start":{"line":53,"column":11},"end":{"line":53,"column":48}},{"start":{"line":53,"column":52},"end":{"line":53,"column":77}},{"start":{"line":53,"column":81},"end":{"line":53,"column":107}},{"start":{"line":53,"column":111},"end":{"line":53,"column":131}},{"start":{"line":53,"column":135},"end":{"line":53,"column":161}},{"start":{"line":54,"column":11},"end":{"line":54,"column":32}},{"start":{"line":54,"column":36},"end":{"line":54,"column":64}},{"start":{"line":54,"column":68},"end":{"line":54,"column":90}},{"start":{"line":54,"column":94},"end":{"line":54,"column":124}}],"line":53},"2":{"loc":{"start":{"line":58,"column":11},"end":{"line":58,"column":92}},"type":"binary-expr","locations":[{"start":{"line":58,"column":11},"end":{"line":58,"column":43}},{"start":{"line":58,"column":47},"end":{"line":58,"column":67}},{"start":{"line":58,"column":71},"end":{"line":58,"column":92}}],"line":58},"3":{"loc":{"start":{"line":62,"column":11},"end":{"line":62,"column":107}},"type":"binary-expr","locations":[{"start":{"line":62,"column":11},"end":{"line":62,"column":48}},{"start":{"line":62,"column":52},"end":{"line":62,"column":77}},{"start":{"line":62,"column":81},"end":{"line":62,"column":107}}],"line":62},"4":{"loc":{"start":{"line":69,"column":8},"end":{"line":75,"column":9}},"type":"if","locations":[{"start":{"line":69,"column":8},"end":{"line":75,"column":9}},{"start":{"line":69,"column":8},"end":{"line":75,"column":9}}],"line":69},"5":{"loc":{"start":{"line":84,"column":4},"end":{"line":103,"column":5}},"type":"if","locations":[{"start":{"line":84,"column":4},"end":{"line":103,"column":5}},{"start":{"line":84,"column":4},"end":{"line":103,"column":5}}],"line":84},"6":{"loc":{"start":{"line":88,"column":6},"end":{"line":102,"column":7}},"type":"if","locations":[{"start":{"line":88,"column":6},"end":{"line":102,"column":7}},{"start":{"line":88,"column":6},"end":{"line":102,"column":7}}],"line":88},"7":{"loc":{"start":{"line":90,"column":10},"end":{"line":98,"column":11}},"type":"if","locations":[{"start":{"line":90,"column":10},"end":{"line":98,"column":11}},{"start":{"line":90,"column":10},"end":{"line":98,"column":11}}],"line":90},"8":{"loc":{"start":{"line":111,"column":4},"end":{"line":121,"column":5}},"type":"if","locations":[{"start":{"line":111,"column":4},"end":{"line":121,"column":5}},{"start":{"line":111,"column":4},"end":{"line":121,"column":5}}],"line":111},"9":{"loc":{"start":{"line":113,"column":11},"end":{"line":121,"column":5}},"type":"if","locations":[{"start":{"line":113,"column":11},"end":{"line":121,"column":5}},{"start":{"line":113,"column":11},"end":{"line":121,"column":5}}],"line":113},"10":{"loc":{"start":{"line":132,"column":16},"end":{"line":137,"column":17}},"type":"if","locations":[{"start":{"line":132,"column":16},"end":{"line":137,"column":17}},{"start":{"line":132,"column":16},"end":{"line":137,"column":17}}],"line":132},"11":{"loc":{"start":{"line":155,"column":4},"end":{"line":160,"column":5}},"type":"if","locations":[{"start":{"line":155,"column":4},"end":{"line":160,"column":5}},{"start":{"line":155,"column":4},"end":{"line":160,"column":5}}],"line":155},"12":{"loc":{"start":{"line":172,"column":4},"end":{"line":177,"column":5}},"type":"if","locations":[{"start":{"line":172,"column":4},"end":{"line":177,"column":5}},{"start":{"line":172,"column":4},"end":{"line":177,"column":5}}],"line":172},"13":{"loc":{"start":{"line":188,"column":6},"end":{"line":190,"column":7}},"type":"if","locations":[{"start":{"line":188,"column":6},"end":{"line":190,"column":7}},{"start":{"line":188,"column":6},"end":{"line":190,"column":7}}],"line":188},"14":{"loc":{"start":{"line":226,"column":16},"end":{"line":234,"column":17}},"type":"if","locations":[{"start":{"line":226,"column":16},"end":{"line":234,"column":17}},{"start":{"line":226,"column":16},"end":{"line":234,"column":17}}],"line":226},"15":{"loc":{"start":{"line":229,"column":22},"end":{"line":231,"column":23}},"type":"if","locations":[{"start":{"line":229,"column":22},"end":{"line":231,"column":23}},{"start":{"line":229,"column":22},"end":{"line":231,"column":23}}],"line":229},"16":{"loc":{"start":{"line":261,"column":4},"end":{"line":263,"column":5}},"type":"if","locations":[{"start":{"line":261,"column":4},"end":{"line":263,"column":5}},{"start":{"line":261,"column":4},"end":{"line":263,"column":5}}],"line":261},"17":{"loc":{"start":{"line":273,"column":4},"end":{"line":275,"column":5}},"type":"if","locations":[{"start":{"line":273,"column":4},"end":{"line":275,"column":5}},{"start":{"line":273,"column":4},"end":{"line":275,"column":5}}],"line":273},"18":{"loc":{"start":{"line":281,"column":6},"end":{"line":283,"column":7}},"type":"if","locations":[{"start":{"line":281,"column":6},"end":{"line":283,"column":7}},{"start":{"line":281,"column":6},"end":{"line":283,"column":7}}],"line":281},"19":{"loc":{"start":{"line":284,"column":6},"end":{"line":286,"column":7}},"type":"if","locations":[{"start":{"line":284,"column":6},"end":{"line":286,"column":7}},{"start":{"line":284,"column":6},"end":{"line":286,"column":7}}],"line":284},"20":{"loc":{"start":{"line":313,"column":8},"end":{"line":325,"column":9}},"type":"if","locations":[{"start":{"line":313,"column":8},"end":{"line":325,"column":9}},{"start":{"line":313,"column":8},"end":{"line":325,"column":9}}],"line":313},"21":{"loc":{"start":{"line":318,"column":10},"end":{"line":324,"column":11}},"type":"if","locations":[{"start":{"line":318,"column":10},"end":{"line":324,"column":11}},{"start":{"line":318,"column":10},"end":{"line":324,"column":11}}],"line":318},"22":{"loc":{"start":{"line":318,"column":14},"end":{"line":318,"column":65}},"type":"binary-expr","locations":[{"start":{"line":318,"column":14},"end":{"line":318,"column":37}},{"start":{"line":318,"column":41},"end":{"line":318,"column":65}}],"line":318},"23":{"loc":{"start":{"line":337,"column":8},"end":{"line":339,"column":9}},"type":"if","locations":[{"start":{"line":337,"column":8},"end":{"line":339,"column":9}},{"start":{"line":337,"column":8},"end":{"line":339,"column":9}}],"line":337},"24":{"loc":{"start":{"line":337,"column":12},"end":{"line":337,"column":62}},"type":"binary-expr","locations":[{"start":{"line":337,"column":12},"end":{"line":337,"column":35}},{"start":{"line":337,"column":39},"end":{"line":337,"column":62}}],"line":337},"25":{"loc":{"start":{"line":341,"column":8},"end":{"line":343,"column":9}},"type":"if","locations":[{"start":{"line":341,"column":8},"end":{"line":343,"column":9}},{"start":{"line":341,"column":8},"end":{"line":343,"column":9}}],"line":341},"26":{"loc":{"start":{"line":341,"column":12},"end":{"line":341,"column":62}},"type":"binary-expr","locations":[{"start":{"line":341,"column":12},"end":{"line":341,"column":35}},{"start":{"line":341,"column":39},"end":{"line":341,"column":62}}],"line":341},"27":{"loc":{"start":{"line":350,"column":8},"end":{"line":354,"column":9}},"type":"if","locations":[{"start":{"line":350,"column":8},"end":{"line":354,"column":9}},{"start":{"line":350,"column":8},"end":{"line":354,"column":9}}],"line":350},"28":{"loc":{"start":{"line":366,"column":8},"end":{"line":370,"column":9}},"type":"if","locations":[{"start":{"line":366,"column":8},"end":{"line":370,"column":9}},{"start":{"line":366,"column":8},"end":{"line":370,"column":9}}],"line":366},"29":{"loc":{"start":{"line":391,"column":47},"end":{"line":391,"column":101}},"type":"cond-expr","locations":[{"start":{"line":391,"column":76},"end":{"line":391,"column":83}},{"start":{"line":391,"column":86},"end":{"line":391,"column":101}}],"line":391},"30":{"loc":{"start":{"line":392,"column":49},"end":{"line":392,"column":106}},"type":"cond-expr","locations":[{"start":{"line":392,"column":80},"end":{"line":392,"column":87}},{"start":{"line":392,"column":90},"end":{"line":392,"column":106}}],"line":392},"31":{"loc":{"start":{"line":393,"column":47},"end":{"line":393,"column":107}},"type":"cond-expr","locations":[{"start":{"line":393,"column":80},"end":{"line":393,"column":87}},{"start":{"line":393,"column":90},"end":{"line":393,"column":107}}],"line":393},"32":{"loc":{"start":{"line":395,"column":8},"end":{"line":454,"column":9}},"type":"if","locations":[{"start":{"line":395,"column":8},"end":{"line":454,"column":9}},{"start":{"line":395,"column":8},"end":{"line":454,"column":9}}],"line":395},"33":{"loc":{"start":{"line":404,"column":12},"end":{"line":407,"column":13}},"type":"if","locations":[{"start":{"line":404,"column":12},"end":{"line":407,"column":13}},{"start":{"line":404,"column":12},"end":{"line":407,"column":13}}],"line":404},"34":{"loc":{"start":{"line":409,"column":12},"end":{"line":453,"column":13}},"type":"if","locations":[{"start":{"line":409,"column":12},"end":{"line":453,"column":13}},{"start":{"line":409,"column":12},"end":{"line":453,"column":13}}],"line":409},"35":{"loc":{"start":{"line":409,"column":16},"end":{"line":409,"column":73}},"type":"binary-expr","locations":[{"start":{"line":409,"column":16},"end":{"line":409,"column":44}},{"start":{"line":409,"column":48},"end":{"line":409,"column":73}}],"line":409},"36":{"loc":{"start":{"line":412,"column":16},"end":{"line":414,"column":17}},"type":"if","locations":[{"start":{"line":412,"column":16},"end":{"line":414,"column":17}},{"start":{"line":412,"column":16},"end":{"line":414,"column":17}}],"line":412},"37":{"loc":{"start":{"line":422,"column":16},"end":{"line":425,"column":17}},"type":"if","locations":[{"start":{"line":422,"column":16},"end":{"line":425,"column":17}},{"start":{"line":422,"column":16},"end":{"line":425,"column":17}}],"line":422},"38":{"loc":{"start":{"line":426,"column":16},"end":{"line":434,"column":17}},"type":"if","locations":[{"start":{"line":426,"column":16},"end":{"line":434,"column":17}},{"start":{"line":426,"column":16},"end":{"line":434,"column":17}}],"line":426},"39":{"loc":{"start":{"line":428,"column":20},"end":{"line":430,"column":21}},"type":"if","locations":[{"start":{"line":428,"column":20},"end":{"line":430,"column":21}},{"start":{"line":428,"column":20},"end":{"line":430,"column":21}}],"line":428},"40":{"loc":{"start":{"line":443,"column":16},"end":{"line":448,"column":17}},"type":"if","locations":[{"start":{"line":443,"column":16},"end":{"line":448,"column":17}},{"start":{"line":443,"column":16},"end":{"line":448,"column":17}}],"line":443},"41":{"loc":{"start":{"line":445,"column":20},"end":{"line":447,"column":21}},"type":"if","locations":[{"start":{"line":445,"column":20},"end":{"line":447,"column":21}},{"start":{"line":445,"column":20},"end":{"line":447,"column":21}}],"line":445},"42":{"loc":{"start":{"line":464,"column":51},"end":{"line":464,"column":105}},"type":"cond-expr","locations":[{"start":{"line":464,"column":80},"end":{"line":464,"column":87}},{"start":{"line":464,"column":90},"end":{"line":464,"column":105}}],"line":464},"43":{"loc":{"start":{"line":465,"column":53},"end":{"line":465,"column":110}},"type":"cond-expr","locations":[{"start":{"line":465,"column":84},"end":{"line":465,"column":91}},{"start":{"line":465,"column":94},"end":{"line":465,"column":110}}],"line":465},"44":{"loc":{"start":{"line":466,"column":51},"end":{"line":466,"column":111}},"type":"cond-expr","locations":[{"start":{"line":466,"column":84},"end":{"line":466,"column":91}},{"start":{"line":466,"column":94},"end":{"line":466,"column":111}}],"line":466},"45":{"loc":{"start":{"line":468,"column":16},"end":{"line":486,"column":17}},"type":"if","locations":[{"start":{"line":468,"column":16},"end":{"line":486,"column":17}},{"start":{"line":468,"column":16},"end":{"line":486,"column":17}}],"line":468},"46":{"loc":{"start":{"line":476,"column":20},"end":{"line":483,"column":21}},"type":"if","locations":[{"start":{"line":476,"column":20},"end":{"line":483,"column":21}},{"start":{"line":476,"column":20},"end":{"line":483,"column":21}}],"line":476}},"s":{"0":2,"1":2,"2":2,"3":2,"4":2,"5":2,"6":2,"7":2,"8":2,"9":2,"10":2,"11":2,"12":2,"13":1,"14":2,"15":2,"16":0,"17":0,"18":2,"19":2,"20":21,"21":21,"22":2,"23":6,"24":6,"25":6,"26":0,"27":6,"28":2,"29":7,"30":2,"31":4,"32":2,"33":13,"34":2,"35":7,"36":7,"37":5,"38":4,"39":7,"40":2,"41":4,"42":4,"43":4,"44":0,"45":4,"46":3,"47":3,"48":0,"49":3,"50":3,"51":3,"52":1,"53":2,"54":2,"55":2,"56":0,"57":2,"58":1,"59":1,"60":1,"61":1,"62":2,"63":2,"64":2,"65":2,"66":0,"67":2,"68":2,"69":3,"70":3,"71":2,"72":1,"73":1,"74":1,"75":0,"76":1,"77":2,"78":2,"79":2,"80":2,"81":0,"82":2,"83":2,"84":3,"85":3,"86":2,"87":2,"88":0,"89":2,"90":1,"91":2,"92":2,"93":2,"94":2,"95":2,"96":2,"97":2,"98":2,"99":2,"100":2,"101":2,"102":2,"103":2,"104":2,"105":2,"106":2,"107":2,"108":2,"109":2,"110":1,"111":1,"112":1,"113":2,"114":2,"115":1,"116":2,"117":2,"118":2,"119":2,"120":2,"121":2,"122":2,"123":2,"124":2,"125":2,"126":2,"127":0,"128":2,"129":2,"130":2,"131":2,"132":2,"133":1,"134":2,"135":2,"136":2,"137":2,"138":2,"139":1,"140":2,"141":1,"142":2,"143":2,"144":2,"145":3,"146":0,"147":3,"148":3,"149":0,"150":2,"151":2,"152":3,"153":3,"154":2,"155":3,"156":2,"157":3,"158":3,"159":1,"160":2,"161":2,"162":1,"163":2,"164":2,"165":2,"166":0,"167":2,"168":2,"169":2,"170":2,"171":2,"172":2,"173":2,"174":2,"175":2,"176":2,"177":7,"178":7,"179":7,"180":0,"181":7,"182":7,"183":7,"184":5,"185":7,"186":1,"187":0,"188":1,"189":6,"190":2,"191":6,"192":1,"193":0,"194":1,"195":5,"196":5,"197":5,"198":5,"199":5,"200":4,"201":0,"202":5,"203":2,"204":4,"205":4,"206":0,"207":4,"208":4,"209":4,"210":2,"211":2,"212":4,"213":2,"214":1,"215":2,"216":1,"217":2,"218":1,"219":2,"220":1,"221":2},"f":{"0":1,"1":0,"2":0,"3":21,"4":6,"5":6,"6":7,"7":4,"8":13,"9":7,"10":5,"11":4,"12":4,"13":3,"14":2,"15":2,"16":2,"17":2,"18":3,"19":3,"20":1,"21":1,"22":2,"23":2,"24":3,"25":2,"26":2,"27":2,"28":2,"29":2,"30":1,"31":2,"32":2,"33":2,"34":2,"35":2,"36":2,"37":3,"38":3,"39":1,"40":2,"41":2,"42":7,"43":7,"44":5,"45":4,"46":4,"47":1,"48":1,"49":1,"50":1},"b":{"0":[0,6],"1":[7,3,2,2,2,2,2,2,2],"2":[4,3,3],"3":[13,9,8],"4":[4,1],"5":[0,4],"6":[3,1],"7":[0,3],"8":[0,2],"9":[1,1],"10":[0,2],"11":[0,1],"12":[0,2],"13":[0,2],"14":[1,0],"15":[2,0],"16":[0,2],"17":[1,1],"18":[1,1],"19":[1,1],"20":[0,3],"21":[3,0],"22":[3,3],"23":[2,1],"24":[3,3],"25":[2,1],"26":[3,3],"27":[1,2],"28":[0,2],"29":[2,5],"30":[2,5],"31":[2,5],"32":[0,7],"33":[5,2],"34":[1,6],"35":[7,3],"36":[0,1],"37":[2,4],"38":[1,5],"39":[0,1],"40":[4,1],"41":[0,4],"42":[1,3],"43":[1,3],"44":[1,3],"45":[0,4],"46":[2,2]},"_coverageSchema":"43e27e138ebf9cfc5966b082cf9a028302ed4184","hash":"eb1a7fa03a9e828bbca9e139a42ce8e82a4548b2"}
}
