{"C:\\Users\\jerem\\Documents\\School\\UBC\\CPEN321\\CPEN321\\backend\\app.js": {"path":"C:\\Users\\jerem\\Documents\\School\\UBC\\CPEN321\\CPEN321\\backend\\app.js","statementMap":{"0":{"start":{"line":1,"column":16},"end":{"line":1,"column":34}},"1":{"start":{"line":4,"column":19},"end":{"line":4,"column":41}},"2":{"start":{"line":5,"column":15},"end":{"line":5,"column":32}},"3":{"start":{"line":9,"column":12},"end":{"line":9,"column":21}},"4":{"start":{"line":10,"column":16},"end":{"line":10,"column":38}},"5":{"start":{"line":18,"column":17},"end":{"line":18,"column":34}},"6":{"start":{"line":19,"column":0},"end":{"line":19,"column":27}},"7":{"start":{"line":26,"column":13},"end":{"line":26,"column":52}},"8":{"start":{"line":28,"column":0},"end":{"line":62,"column":3}},"9":{"start":{"line":29,"column":2},"end":{"line":29,"column":20}},"10":{"start":{"line":31,"column":15},"end":{"line":31,"column":50}},"11":{"start":{"line":33,"column":2},"end":{"line":61,"column":5}},"12":{"start":{"line":34,"column":4},"end":{"line":34,"column":26}},"13":{"start":{"line":36,"column":4},"end":{"line":36,"column":63}},"14":{"start":{"line":38,"column":17},"end":{"line":38,"column":56}},"15":{"start":{"line":40,"column":4},"end":{"line":60,"column":7}},"16":{"start":{"line":41,"column":6},"end":{"line":41,"column":27}},"17":{"start":{"line":43,"column":18},"end":{"line":43,"column":43}},"18":{"start":{"line":44,"column":6},"end":{"line":44,"column":21}},"19":{"start":{"line":46,"column":18},"end":{"line":46,"column":43}},"20":{"start":{"line":47,"column":6},"end":{"line":47,"column":21}},"21":{"start":{"line":49,"column":21},"end":{"line":49,"column":49}},"22":{"start":{"line":50,"column":6},"end":{"line":50,"column":24}},"23":{"start":{"line":52,"column":20},"end":{"line":52,"column":47}},"24":{"start":{"line":53,"column":6},"end":{"line":53,"column":23}},"25":{"start":{"line":55,"column":17},"end":{"line":55,"column":41}},"26":{"start":{"line":56,"column":6},"end":{"line":56,"column":20}},"27":{"start":{"line":58,"column":19},"end":{"line":58,"column":45}},"28":{"start":{"line":59,"column":6},"end":{"line":59,"column":22}},"29":{"start":{"line":75,"column":16},"end":{"line":75,"column":17}},"30":{"start":{"line":76,"column":17},"end":{"line":76,"column":18}},"31":{"start":{"line":77,"column":18},"end":{"line":77,"column":22}},"32":{"start":{"line":78,"column":22},"end":{"line":78,"column":24}},"33":{"start":{"line":79,"column":16},"end":{"line":79,"column":23}},"34":{"start":{"line":80,"column":26},"end":{"line":80,"column":32}},"35":{"start":{"line":81,"column":27},"end":{"line":81,"column":33}},"36":{"start":{"line":82,"column":24},"end":{"line":82,"column":29}},"37":{"start":{"line":85,"column":14},"end":{"line":85,"column":32}},"38":{"start":{"line":87,"column":2},"end":{"line":87,"column":36}},"39":{"start":{"line":91,"column":2},"end":{"line":91,"column":54}},"40":{"start":{"line":92,"column":2},"end":{"line":97,"column":5}},"41":{"start":{"line":93,"column":4},"end":{"line":95,"column":5}},"42":{"start":{"line":94,"column":6},"end":{"line":94,"column":16}},"43":{"start":{"line":96,"column":4},"end":{"line":96,"column":13}},"44":{"start":{"line":101,"column":2},"end":{"line":102,"column":116}},"45":{"start":{"line":107,"column":2},"end":{"line":107,"column":91}},"46":{"start":{"line":111,"column":2},"end":{"line":111,"column":106}},"47":{"start":{"line":116,"column":25},"end":{"line":116,"column":27}},"48":{"start":{"line":117,"column":2},"end":{"line":125,"column":5}},"49":{"start":{"line":118,"column":4},"end":{"line":124,"column":5}},"50":{"start":{"line":123,"column":6},"end":{"line":123,"column":37}},"51":{"start":{"line":126,"column":2},"end":{"line":126,"column":26}},"52":{"start":{"line":129,"column":0},"end":{"line":131,"column":3}},"53":{"start":{"line":130,"column":2},"end":{"line":130,"column":31}},"54":{"start":{"line":133,"column":0},"end":{"line":141,"column":2}}},"fnMap":{"0":{"name":"(anonymous_0)","decl":{"start":{"line":28,"column":15},"end":{"line":28,"column":16}},"loc":{"start":{"line":28,"column":21},"end":{"line":62,"column":1}},"line":28},"1":{"name":"(anonymous_1)","decl":{"start":{"line":33,"column":14},"end":{"line":33,"column":15}},"loc":{"start":{"line":33,"column":20},"end":{"line":61,"column":3}},"line":33},"2":{"name":"(anonymous_2)","decl":{"start":{"line":40,"column":16},"end":{"line":40,"column":17}},"loc":{"start":{"line":40,"column":20},"end":{"line":60,"column":5}},"line":40},"3":{"name":"getOIdFromUserId","decl":{"start":{"line":84,"column":9},"end":{"line":84,"column":25}},"loc":{"start":{"line":84,"column":33},"end":{"line":88,"column":1}},"line":84},"4":{"name":"saveSearchHistory","decl":{"start":{"line":90,"column":9},"end":{"line":90,"column":26}},"loc":{"start":{"line":90,"column":31},"end":{"line":98,"column":1}},"line":90},"5":{"name":"(anonymous_5)","decl":{"start":{"line":92,"column":53},"end":{"line":92,"column":54}},"loc":{"start":{"line":92,"column":70},"end":{"line":97,"column":3}},"line":92},"6":{"name":"isDefaultSearch","decl":{"start":{"line":100,"column":9},"end":{"line":100,"column":24}},"loc":{"start":{"line":100,"column":29},"end":{"line":103,"column":1}},"line":100},"7":{"name":"doesSearchHaveLocationFilter","decl":{"start":{"line":106,"column":9},"end":{"line":106,"column":37}},"loc":{"start":{"line":106,"column":43},"end":{"line":108,"column":1}},"line":106},"8":{"name":"doesReqHaveLocationFilter","decl":{"start":{"line":110,"column":9},"end":{"line":110,"column":34}},"loc":{"start":{"line":110,"column":40},"end":{"line":112,"column":1}},"line":110},"9":{"name":"filterForLocations","decl":{"start":{"line":115,"column":9},"end":{"line":115,"column":27}},"loc":{"start":{"line":115,"column":41},"end":{"line":127,"column":1}},"line":115},"10":{"name":"(anonymous_10)","decl":{"start":{"line":117,"column":17},"end":{"line":117,"column":18}},"loc":{"start":{"line":117,"column":34},"end":{"line":125,"column":3}},"line":117},"11":{"name":"(anonymous_11)","decl":{"start":{"line":129,"column":17},"end":{"line":129,"column":18}},"loc":{"start":{"line":129,"column":31},"end":{"line":131,"column":1}},"line":129}},"branchMap":{"0":{"loc":{"start":{"line":93,"column":4},"end":{"line":95,"column":5}},"type":"if","locations":[{"start":{"line":93,"column":4},"end":{"line":95,"column":5}},{"start":{"line":93,"column":4},"end":{"line":95,"column":5}}],"line":93},"1":{"loc":{"start":{"line":101,"column":9},"end":{"line":102,"column":115}},"type":"binary-expr","locations":[{"start":{"line":101,"column":9},"end":{"line":101,"column":46}},{"start":{"line":101,"column":50},"end":{"line":101,"column":75}},{"start":{"line":101,"column":79},"end":{"line":101,"column":105}},{"start":{"line":101,"column":109},"end":{"line":101,"column":129}},{"start":{"line":101,"column":133},"end":{"line":101,"column":159}},{"start":{"line":102,"column":2},"end":{"line":102,"column":23}},{"start":{"line":102,"column":27},"end":{"line":102,"column":55}},{"start":{"line":102,"column":59},"end":{"line":102,"column":81}},{"start":{"line":102,"column":85},"end":{"line":102,"column":115}}],"line":101},"2":{"loc":{"start":{"line":107,"column":9},"end":{"line":107,"column":90}},"type":"binary-expr","locations":[{"start":{"line":107,"column":9},"end":{"line":107,"column":41}},{"start":{"line":107,"column":45},"end":{"line":107,"column":65}},{"start":{"line":107,"column":69},"end":{"line":107,"column":90}}],"line":107},"3":{"loc":{"start":{"line":111,"column":9},"end":{"line":111,"column":105}},"type":"binary-expr","locations":[{"start":{"line":111,"column":9},"end":{"line":111,"column":46}},{"start":{"line":111,"column":50},"end":{"line":111,"column":75}},{"start":{"line":111,"column":79},"end":{"line":111,"column":105}}],"line":111},"4":{"loc":{"start":{"line":118,"column":4},"end":{"line":124,"column":5}},"type":"if","locations":[{"start":{"line":118,"column":4},"end":{"line":124,"column":5}},{"start":{"line":118,"column":4},"end":{"line":124,"column":5}}],"line":118}},"s":{"0":2,"1":2,"2":2,"3":2,"4":2,"5":2,"6":2,"7":2,"8":2,"9":1,"10":1,"11":1,"12":1,"13":1,"14":1,"15":1,"16":1,"17":1,"18":1,"19":1,"20":1,"21":1,"22":1,"23":1,"24":1,"25":1,"26":1,"27":1,"28":1,"29":2,"30":2,"31":2,"32":2,"33":2,"34":2,"35":2,"36":2,"37":1,"38":1,"39":0,"40":0,"41":0,"42":0,"43":0,"44":2,"45":2,"46":2,"47":0,"48":0,"49":0,"50":0,"51":0,"52":2,"53":1,"54":2},"f":{"0":1,"1":1,"2":1,"3":1,"4":0,"5":0,"6":2,"7":2,"8":2,"9":0,"10":0,"11":1},"b":{"0":[0,0],"1":[2,2,1,1,1,1,1,1,1],"2":[2,1,1],"3":[2,1,1],"4":[0,0]},"_coverageSchema":"43e27e138ebf9cfc5966b082cf9a028302ed4184","hash":"97440f05254476b59709efd708902b298de4f643"}
,"C:\\Users\\jerem\\Documents\\School\\UBC\\CPEN321\\CPEN321\\backend\\connections\\db_connections.js": {"path":"C:\\Users\\jerem\\Documents\\School\\UBC\\CPEN321\\CPEN321\\backend\\connections\\db_connections.js","statementMap":{"0":{"start":{"line":1,"column":20},"end":{"line":1,"column":50}},"1":{"start":{"line":2,"column":16},"end":{"line":2,"column":39}},"2":{"start":{"line":4,"column":9},"end":{"line":4,"column":13}},"3":{"start":{"line":7,"column":2},"end":{"line":16,"column":3}},"4":{"start":{"line":8,"column":4},"end":{"line":8,"column":20}},"5":{"start":{"line":9,"column":4},"end":{"line":12,"column":7}},"6":{"start":{"line":10,"column":6},"end":{"line":10,"column":46}},"7":{"start":{"line":11,"column":6},"end":{"line":11,"column":24}},"8":{"start":{"line":15,"column":4},"end":{"line":15,"column":15}},"9":{"start":{"line":20,"column":3},"end":{"line":20,"column":13}},"10":{"start":{"line":23,"column":0},"end":{"line":26,"column":2}}},"fnMap":{"0":{"name":"connect","decl":{"start":{"line":6,"column":9},"end":{"line":6,"column":16}},"loc":{"start":{"line":6,"column":26},"end":{"line":17,"column":1}},"line":6},"1":{"name":"(anonymous_1)","decl":{"start":{"line":9,"column":48},"end":{"line":9,"column":49}},"loc":{"start":{"line":9,"column":64},"end":{"line":12,"column":5}},"line":9},"2":{"name":"get","decl":{"start":{"line":19,"column":9},"end":{"line":19,"column":12}},"loc":{"start":{"line":19,"column":14},"end":{"line":21,"column":1}},"line":19}},"branchMap":{"0":{"loc":{"start":{"line":7,"column":2},"end":{"line":16,"column":3}},"type":"if","locations":[{"start":{"line":7,"column":2},"end":{"line":16,"column":3}},{"start":{"line":7,"column":2},"end":{"line":16,"column":3}}],"line":7}},"s":{"0":2,"1":2,"2":2,"3":8,"4":2,"5":2,"6":1,"7":1,"8":6,"9":7,"10":2},"f":{"0":8,"1":1,"2":7},"b":{"0":[2,6]},"_coverageSchema":"43e27e138ebf9cfc5966b082cf9a028302ed4184","hash":"e550d0cb59eaef2e8b4596fddfa01b278631c3f1"}
,"C:\\Users\\jerem\\Documents\\School\\UBC\\CPEN321\\CPEN321\\backend\\connections\\fb_connections.js": {"path":"C:\\Users\\jerem\\Documents\\School\\UBC\\CPEN321\\CPEN321\\backend\\connections\\fb_connections.js","statementMap":{"0":{"start":{"line":1,"column":16},"end":{"line":1,"column":34}},"1":{"start":{"line":2,"column":14},"end":{"line":2,"column":39}},"2":{"start":{"line":3,"column":23},"end":{"line":3,"column":50}},"3":{"start":{"line":4,"column":16},"end":{"line":4,"column":39}},"4":{"start":{"line":7,"column":2},"end":{"line":12,"column":3}},"5":{"start":{"line":8,"column":4},"end":{"line":11,"column":7}},"6":{"start":{"line":13,"column":2},"end":{"line":13,"column":13}},"7":{"start":{"line":17,"column":2},"end":{"line":17,"column":15}},"8":{"start":{"line":20,"column":0},"end":{"line":23,"column":2}}},"fnMap":{"0":{"name":"init","decl":{"start":{"line":6,"column":9},"end":{"line":6,"column":13}},"loc":{"start":{"line":6,"column":23},"end":{"line":14,"column":1}},"line":6},"1":{"name":"get","decl":{"start":{"line":16,"column":9},"end":{"line":16,"column":12}},"loc":{"start":{"line":16,"column":14},"end":{"line":18,"column":1}},"line":16}},"branchMap":{"0":{"loc":{"start":{"line":7,"column":2},"end":{"line":12,"column":3}},"type":"if","locations":[{"start":{"line":7,"column":2},"end":{"line":12,"column":3}},{"start":{"line":7,"column":2},"end":{"line":12,"column":3}}],"line":7}},"s":{"0":1,"1":1,"2":1,"3":1,"4":4,"5":1,"6":4,"7":4,"8":1},"f":{"0":4,"1":4},"b":{"0":[1,3]},"_coverageSchema":"43e27e138ebf9cfc5966b082cf9a028302ed4184","hash":"fe5c2e32dd1be702d7976cb8e2a113b5a40482ad"}
,"C:\\Users\\jerem\\Documents\\School\\UBC\\CPEN321\\CPEN321\\backend\\connections\\storage.js": {"path":"C:\\Users\\jerem\\Documents\\School\\UBC\\CPEN321\\CPEN321\\backend\\connections\\storage.js","statementMap":{"0":{"start":{"line":1,"column":16},"end":{"line":1,"column":34}},"1":{"start":{"line":2,"column":15},"end":{"line":2,"column":32}},"2":{"start":{"line":8,"column":2},"end":{"line":15,"column":5}},"3":{"start":{"line":10,"column":6},"end":{"line":10,"column":40}},"4":{"start":{"line":13,"column":6},"end":{"line":13,"column":76}},"5":{"start":{"line":17,"column":2},"end":{"line":17,"column":40}},"6":{"start":{"line":18,"column":2},"end":{"line":18,"column":13}},"7":{"start":{"line":22,"column":2},"end":{"line":22,"column":15}},"8":{"start":{"line":25,"column":0},"end":{"line":28,"column":2}}},"fnMap":{"0":{"name":"init","decl":{"start":{"line":7,"column":9},"end":{"line":7,"column":13}},"loc":{"start":{"line":7,"column":23},"end":{"line":19,"column":1}},"line":7},"1":{"name":"(anonymous_1)","decl":{"start":{"line":9,"column":4},"end":{"line":9,"column":5}},"loc":{"start":{"line":9,"column":37},"end":{"line":11,"column":5}},"line":9},"2":{"name":"(anonymous_2)","decl":{"start":{"line":12,"column":4},"end":{"line":12,"column":5}},"loc":{"start":{"line":12,"column":34},"end":{"line":14,"column":5}},"line":12},"3":{"name":"get","decl":{"start":{"line":21,"column":9},"end":{"line":21,"column":12}},"loc":{"start":{"line":21,"column":14},"end":{"line":23,"column":1}},"line":21}},"branchMap":{},"s":{"0":1,"1":1,"2":5,"3":0,"4":0,"5":5,"6":5,"7":5,"8":1},"f":{"0":5,"1":0,"2":0,"3":5},"b":{},"_coverageSchema":"43e27e138ebf9cfc5966b082cf9a028302ed4184","hash":"80b655e129acaa8d090379fcbca30cb00b0eb7b4"}
,"C:\\Users\\jerem\\Documents\\School\\UBC\\CPEN321\\CPEN321\\backend\\routes\\chat.js": {"path":"C:\\Users\\jerem\\Documents\\School\\UBC\\CPEN321\\CPEN321\\backend\\routes\\chat.js","statementMap":{"0":{"start":{"line":1,"column":14},"end":{"line":1,"column":32}},"1":{"start":{"line":2,"column":19},"end":{"line":2,"column":41}},"2":{"start":{"line":3,"column":13},"end":{"line":3,"column":29}},"3":{"start":{"line":5,"column":17},"end":{"line":5,"column":34}},"4":{"start":{"line":6,"column":0},"end":{"line":6,"column":30}},"5":{"start":{"line":8,"column":13},"end":{"line":8,"column":53}},"6":{"start":{"line":10,"column":0},"end":{"line":12,"column":3}},"7":{"start":{"line":11,"column":4},"end":{"line":11,"column":22}},"8":{"start":{"line":14,"column":13},"end":{"line":14,"column":49}},"9":{"start":{"line":16,"column":0},"end":{"line":18,"column":3}},"10":{"start":{"line":17,"column":2},"end":{"line":17,"column":24}},"11":{"start":{"line":20,"column":13},"end":{"line":20,"column":53}},"12":{"start":{"line":22,"column":0},"end":{"line":24,"column":3}},"13":{"start":{"line":23,"column":2},"end":{"line":23,"column":23}},"14":{"start":{"line":27,"column":14},"end":{"line":27,"column":32}},"15":{"start":{"line":29,"column":2},"end":{"line":29,"column":36}},"16":{"start":{"line":33,"column":21},"end":{"line":33,"column":47}},"17":{"start":{"line":34,"column":4},"end":{"line":34,"column":25}},"18":{"start":{"line":38,"column":4},"end":{"line":38,"column":31}},"19":{"start":{"line":42,"column":17},"end":{"line":42,"column":19}},"20":{"start":{"line":43,"column":2},"end":{"line":52,"column":5}},"21":{"start":{"line":44,"column":23},"end":{"line":50,"column":7}},"22":{"start":{"line":51,"column":6},"end":{"line":51,"column":32}},"23":{"start":{"line":53,"column":2},"end":{"line":53,"column":18}},"24":{"start":{"line":56,"column":0},"end":{"line":86,"column":3}},"25":{"start":{"line":60,"column":22},"end":{"line":60,"column":62}},"26":{"start":{"line":61,"column":20},"end":{"line":61,"column":58}},"27":{"start":{"line":64,"column":2},"end":{"line":85,"column":5}},"28":{"start":{"line":68,"column":4},"end":{"line":84,"column":5}},"29":{"start":{"line":69,"column":6},"end":{"line":69,"column":26}},"30":{"start":{"line":72,"column":7},"end":{"line":83,"column":8}},"31":{"start":{"line":74,"column":12},"end":{"line":74,"column":32}},"32":{"start":{"line":78,"column":10},"end":{"line":78,"column":67}},"33":{"start":{"line":79,"column":30},"end":{"line":81,"column":11}},"34":{"start":{"line":82,"column":10},"end":{"line":82,"column":49}},"35":{"start":{"line":88,"column":0},"end":{"line":108,"column":3}},"36":{"start":{"line":92,"column":4},"end":{"line":92,"column":58}},"37":{"start":{"line":93,"column":4},"end":{"line":93,"column":58}},"38":{"start":{"line":95,"column":4},"end":{"line":107,"column":7}},"39":{"start":{"line":96,"column":6},"end":{"line":106,"column":7}},"40":{"start":{"line":97,"column":12},"end":{"line":97,"column":32}},"41":{"start":{"line":101,"column":8},"end":{"line":101,"column":65}},"42":{"start":{"line":102,"column":28},"end":{"line":104,"column":9}},"43":{"start":{"line":105,"column":8},"end":{"line":105,"column":47}},"44":{"start":{"line":110,"column":0},"end":{"line":182,"column":3}},"45":{"start":{"line":113,"column":22},"end":{"line":113,"column":23}},"46":{"start":{"line":114,"column":14},"end":{"line":114,"column":15}},"47":{"start":{"line":115,"column":25},"end":{"line":115,"column":27}},"48":{"start":{"line":117,"column":15},"end":{"line":117,"column":48}},"49":{"start":{"line":120,"column":2},"end":{"line":155,"column":5}},"50":{"start":{"line":122,"column":10},"end":{"line":142,"column":13}},"51":{"start":{"line":124,"column":14},"end":{"line":124,"column":48}},"52":{"start":{"line":125,"column":14},"end":{"line":125,"column":24}},"53":{"start":{"line":126,"column":14},"end":{"line":140,"column":15}},"54":{"start":{"line":129,"column":18},"end":{"line":136,"column":21}},"55":{"start":{"line":130,"column":22},"end":{"line":130,"column":53}},"56":{"start":{"line":132,"column":22},"end":{"line":132,"column":30}},"57":{"start":{"line":133,"column":22},"end":{"line":135,"column":23}},"58":{"start":{"line":134,"column":26},"end":{"line":134,"column":42}},"59":{"start":{"line":146,"column":14},"end":{"line":146,"column":71}},"60":{"start":{"line":149,"column":14},"end":{"line":149,"column":56}},"61":{"start":{"line":152,"column":18},"end":{"line":152,"column":83}},"62":{"start":{"line":154,"column":6},"end":{"line":154,"column":54}},"63":{"start":{"line":159,"column":6},"end":{"line":163,"column":7}},"64":{"start":{"line":160,"column":10},"end":{"line":160,"column":35}},"65":{"start":{"line":162,"column":10},"end":{"line":162,"column":35}},"66":{"start":{"line":167,"column":6},"end":{"line":180,"column":9}},"67":{"start":{"line":171,"column":34},"end":{"line":177,"column":19}},"68":{"start":{"line":179,"column":16},"end":{"line":179,"column":32}},"69":{"start":{"line":184,"column":0},"end":{"line":253,"column":3}},"70":{"start":{"line":188,"column":21},"end":{"line":188,"column":40}},"71":{"start":{"line":189,"column":4},"end":{"line":189,"column":58}},"72":{"start":{"line":190,"column":4},"end":{"line":190,"column":60}},"73":{"start":{"line":191,"column":4},"end":{"line":191,"column":64}},"74":{"start":{"line":192,"column":4},"end":{"line":192,"column":64}},"75":{"start":{"line":193,"column":4},"end":{"line":252,"column":7}},"76":{"start":{"line":194,"column":8},"end":{"line":240,"column":11}},"77":{"start":{"line":198,"column":10},"end":{"line":207,"column":11}},"78":{"start":{"line":200,"column":14},"end":{"line":200,"column":35}},"79":{"start":{"line":201,"column":14},"end":{"line":201,"column":33}},"80":{"start":{"line":205,"column":14},"end":{"line":205,"column":35}},"81":{"start":{"line":206,"column":14},"end":{"line":206,"column":33}},"82":{"start":{"line":208,"column":34},"end":{"line":208,"column":51}},"83":{"start":{"line":209,"column":33},"end":{"line":209,"column":49}},"84":{"start":{"line":210,"column":24},"end":{"line":216,"column":11}},"85":{"start":{"line":217,"column":29},"end":{"line":221,"column":11}},"86":{"start":{"line":223,"column":10},"end":{"line":230,"column":17}},"87":{"start":{"line":232,"column":10},"end":{"line":239,"column":17}},"88":{"start":{"line":241,"column":6},"end":{"line":251,"column":7}},"89":{"start":{"line":242,"column":12},"end":{"line":242,"column":32}},"90":{"start":{"line":246,"column":8},"end":{"line":246,"column":65}},"91":{"start":{"line":247,"column":27},"end":{"line":249,"column":9}},"92":{"start":{"line":250,"column":8},"end":{"line":250,"column":46}},"93":{"start":{"line":255,"column":0},"end":{"line":276,"column":3}},"94":{"start":{"line":259,"column":21},"end":{"line":259,"column":23}},"95":{"start":{"line":260,"column":19},"end":{"line":260,"column":57}},"96":{"start":{"line":261,"column":2},"end":{"line":261,"column":42}},"97":{"start":{"line":264,"column":2},"end":{"line":275,"column":5}},"98":{"start":{"line":267,"column":4},"end":{"line":274,"column":5}},"99":{"start":{"line":268,"column":6},"end":{"line":268,"column":26}},"100":{"start":{"line":271,"column":7},"end":{"line":271,"column":64}},"101":{"start":{"line":272,"column":22},"end":{"line":272,"column":50}},"102":{"start":{"line":273,"column":7},"end":{"line":273,"column":41}},"103":{"start":{"line":278,"column":0},"end":{"line":278,"column":24}}},"fnMap":{"0":{"name":"(anonymous_0)","decl":{"start":{"line":10,"column":15},"end":{"line":10,"column":16}},"loc":{"start":{"line":10,"column":21},"end":{"line":12,"column":1}},"line":10},"1":{"name":"(anonymous_1)","decl":{"start":{"line":16,"column":12},"end":{"line":16,"column":13}},"loc":{"start":{"line":16,"column":18},"end":{"line":18,"column":1}},"line":16},"2":{"name":"(anonymous_2)","decl":{"start":{"line":22,"column":12},"end":{"line":22,"column":13}},"loc":{"start":{"line":22,"column":16},"end":{"line":24,"column":1}},"line":22},"3":{"name":"getOIdFromUserId","decl":{"start":{"line":26,"column":9},"end":{"line":26,"column":25}},"loc":{"start":{"line":26,"column":33},"end":{"line":30,"column":1}},"line":26},"4":{"name":"get_chat_rooms","decl":{"start":{"line":32,"column":9},"end":{"line":32,"column":23}},"loc":{"start":{"line":32,"column":28},"end":{"line":35,"column":1}},"line":32},"5":{"name":"read_all_rooms","decl":{"start":{"line":37,"column":9},"end":{"line":37,"column":23}},"loc":{"start":{"line":37,"column":47},"end":{"line":39,"column":1}},"line":37},"6":{"name":"getMessagesWithNames","decl":{"start":{"line":41,"column":9},"end":{"line":41,"column":29}},"loc":{"start":{"line":41,"column":38},"end":{"line":54,"column":1}},"line":41},"7":{"name":"(anonymous_7)","decl":{"start":{"line":43,"column":17},"end":{"line":43,"column":18}},"loc":{"start":{"line":43,"column":34},"end":{"line":52,"column":3}},"line":43},"8":{"name":"(anonymous_8)","decl":{"start":{"line":56,"column":54},"end":{"line":56,"column":55}},"loc":{"start":{"line":56,"column":68},"end":{"line":86,"column":1}},"line":56},"9":{"name":"(anonymous_9)","decl":{"start":{"line":67,"column":13},"end":{"line":67,"column":14}},"loc":{"start":{"line":67,"column":29},"end":{"line":85,"column":3}},"line":67},"10":{"name":"(anonymous_10)","decl":{"start":{"line":88,"column":45},"end":{"line":88,"column":46}},"loc":{"start":{"line":88,"column":59},"end":{"line":108,"column":1}},"line":88},"11":{"name":"(anonymous_11)","decl":{"start":{"line":95,"column":51},"end":{"line":95,"column":52}},"loc":{"start":{"line":95,"column":68},"end":{"line":107,"column":5}},"line":95},"12":{"name":"(anonymous_12)","decl":{"start":{"line":110,"column":54},"end":{"line":110,"column":55}},"loc":{"start":{"line":110,"column":68},"end":{"line":182,"column":1}},"line":110},"13":{"name":"(anonymous_13)","decl":{"start":{"line":120,"column":17},"end":{"line":120,"column":18}},"loc":{"start":{"line":120,"column":43},"end":{"line":155,"column":3}},"line":120},"14":{"name":"processRooms","decl":{"start":{"line":121,"column":15},"end":{"line":121,"column":27}},"loc":{"start":{"line":121,"column":40},"end":{"line":143,"column":7}},"line":121},"15":{"name":"(anonymous_15)","decl":{"start":{"line":122,"column":24},"end":{"line":122,"column":25}},"loc":{"start":{"line":122,"column":50},"end":{"line":142,"column":11}},"line":122},"16":{"name":"updateRoomsWithNames","decl":{"start":{"line":129,"column":55},"end":{"line":129,"column":75}},"loc":{"start":{"line":129,"column":85},"end":{"line":136,"column":19}},"line":129},"17":{"name":"finallyReturn","decl":{"start":{"line":145,"column":15},"end":{"line":145,"column":28}},"loc":{"start":{"line":145,"column":31},"end":{"line":150,"column":7}},"line":145},"18":{"name":"populateNames","decl":{"start":{"line":157,"column":11},"end":{"line":157,"column":24}},"loc":{"start":{"line":157,"column":43},"end":{"line":181,"column":3}},"line":157},"19":{"name":"(anonymous_19)","decl":{"start":{"line":168,"column":39},"end":{"line":168,"column":40}},"loc":{"start":{"line":168,"column":55},"end":{"line":180,"column":7}},"line":168},"20":{"name":"(anonymous_20)","decl":{"start":{"line":184,"column":43},"end":{"line":184,"column":44}},"loc":{"start":{"line":184,"column":57},"end":{"line":253,"column":1}},"line":184},"21":{"name":"(anonymous_21)","decl":{"start":{"line":193,"column":50},"end":{"line":193,"column":51}},"loc":{"start":{"line":193,"column":67},"end":{"line":252,"column":5}},"line":193},"22":{"name":"(anonymous_22)","decl":{"start":{"line":194,"column":132},"end":{"line":194,"column":133}},"loc":{"start":{"line":194,"column":149},"end":{"line":240,"column":9}},"line":194},"23":{"name":"(anonymous_23)","decl":{"start":{"line":224,"column":16},"end":{"line":224,"column":17}},"loc":{"start":{"line":224,"column":30},"end":{"line":227,"column":15}},"line":224},"24":{"name":"(anonymous_24)","decl":{"start":{"line":228,"column":21},"end":{"line":228,"column":22}},"loc":{"start":{"line":228,"column":32},"end":{"line":230,"column":15}},"line":228},"25":{"name":"(anonymous_25)","decl":{"start":{"line":233,"column":16},"end":{"line":233,"column":17}},"loc":{"start":{"line":233,"column":30},"end":{"line":236,"column":15}},"line":233},"26":{"name":"(anonymous_26)","decl":{"start":{"line":237,"column":21},"end":{"line":237,"column":22}},"loc":{"start":{"line":237,"column":32},"end":{"line":239,"column":15}},"line":237},"27":{"name":"(anonymous_27)","decl":{"start":{"line":255,"column":56},"end":{"line":255,"column":57}},"loc":{"start":{"line":255,"column":70},"end":{"line":276,"column":1}},"line":255},"28":{"name":"(anonymous_28)","decl":{"start":{"line":266,"column":11},"end":{"line":266,"column":12}},"loc":{"start":{"line":266,"column":27},"end":{"line":275,"column":3}},"line":266}},"branchMap":{"0":{"loc":{"start":{"line":68,"column":4},"end":{"line":84,"column":5}},"type":"if","locations":[{"start":{"line":68,"column":4},"end":{"line":84,"column":5}},{"start":{"line":68,"column":4},"end":{"line":84,"column":5}}],"line":68},"1":{"loc":{"start":{"line":72,"column":7},"end":{"line":83,"column":8}},"type":"if","locations":[{"start":{"line":72,"column":7},"end":{"line":83,"column":8}},{"start":{"line":72,"column":7},"end":{"line":83,"column":8}}],"line":72},"2":{"loc":{"start":{"line":96,"column":6},"end":{"line":106,"column":7}},"type":"if","locations":[{"start":{"line":96,"column":6},"end":{"line":106,"column":7}},{"start":{"line":96,"column":6},"end":{"line":106,"column":7}}],"line":96},"3":{"loc":{"start":{"line":133,"column":22},"end":{"line":135,"column":23}},"type":"if","locations":[{"start":{"line":133,"column":22},"end":{"line":135,"column":23}},{"start":{"line":133,"column":22},"end":{"line":135,"column":23}}],"line":133},"4":{"loc":{"start":{"line":159,"column":6},"end":{"line":163,"column":7}},"type":"if","locations":[{"start":{"line":159,"column":6},"end":{"line":163,"column":7}},{"start":{"line":159,"column":6},"end":{"line":163,"column":7}}],"line":159},"5":{"loc":{"start":{"line":198,"column":10},"end":{"line":207,"column":11}},"type":"if","locations":[{"start":{"line":198,"column":10},"end":{"line":207,"column":11}},{"start":{"line":198,"column":10},"end":{"line":207,"column":11}}],"line":198},"6":{"loc":{"start":{"line":241,"column":6},"end":{"line":251,"column":7}},"type":"if","locations":[{"start":{"line":241,"column":6},"end":{"line":251,"column":7}},{"start":{"line":241,"column":6},"end":{"line":251,"column":7}}],"line":241},"7":{"loc":{"start":{"line":267,"column":4},"end":{"line":274,"column":5}},"type":"if","locations":[{"start":{"line":267,"column":4},"end":{"line":274,"column":5}},{"start":{"line":267,"column":4},"end":{"line":274,"column":5}}],"line":267}},"s":{"0":1,"1":1,"2":1,"3":1,"4":1,"5":1,"6":1,"7":1,"8":1,"9":1,"10":1,"11":1,"12":1,"13":1,"14":0,"15":0,"16":0,"17":0,"18":0,"19":0,"20":0,"21":0,"22":0,"23":0,"24":1,"25":0,"26":0,"27":0,"28":0,"29":0,"30":0,"31":0,"32":0,"33":0,"34":0,"35":1,"36":0,"37":0,"38":0,"39":0,"40":0,"41":0,"42":0,"43":0,"44":1,"45":0,"46":0,"47":0,"48":0,"49":0,"50":0,"51":0,"52":0,"53":0,"54":0,"55":0,"56":0,"57":0,"58":0,"59":0,"60":0,"61":0,"62":0,"63":0,"64":0,"65":0,"66":0,"67":0,"68":0,"69":1,"70":0,"71":0,"72":0,"73":0,"74":0,"75":0,"76":0,"77":0,"78":0,"79":0,"80":0,"81":0,"82":0,"83":0,"84":0,"85":0,"86":0,"87":0,"88":0,"89":0,"90":0,"91":0,"92":0,"93":1,"94":0,"95":0,"96":0,"97":0,"98":0,"99":0,"100":0,"101":0,"102":0,"103":1},"f":{"0":1,"1":1,"2":1,"3":0,"4":0,"5":0,"6":0,"7":0,"8":0,"9":0,"10":0,"11":0,"12":0,"13":0,"14":0,"15":0,"16":0,"17":0,"18":0,"19":0,"20":0,"21":0,"22":0,"23":0,"24":0,"25":0,"26":0,"27":0,"28":0},"b":{"0":[0,0],"1":[0,0],"2":[0,0],"3":[0,0],"4":[0,0],"5":[0,0],"6":[0,0],"7":[0,0]},"_coverageSchema":"43e27e138ebf9cfc5966b082cf9a028302ed4184","hash":"9d94dec9101cbd000660f9215d72033b11c7847d"}
,"C:\\Users\\jerem\\Documents\\School\\UBC\\CPEN321\\CPEN321\\backend\\routes\\filter.js": {"path":"C:\\Users\\jerem\\Documents\\School\\UBC\\CPEN321\\CPEN321\\backend\\routes\\filter.js","statementMap":{"0":{"start":{"line":1,"column":14},"end":{"line":1,"column":32}},"1":{"start":{"line":2,"column":19},"end":{"line":2,"column":41}},"2":{"start":{"line":3,"column":15},"end":{"line":3,"column":32}},"3":{"start":{"line":4,"column":13},"end":{"line":4,"column":29}},"4":{"start":{"line":5,"column":16},"end":{"line":5,"column":39}},"5":{"start":{"line":7,"column":17},"end":{"line":7,"column":34}},"6":{"start":{"line":8,"column":0},"end":{"line":8,"column":30}},"7":{"start":{"line":10,"column":13},"end":{"line":10,"column":53}},"8":{"start":{"line":12,"column":0},"end":{"line":14,"column":3}},"9":{"start":{"line":13,"column":4},"end":{"line":13,"column":22}},"10":{"start":{"line":16,"column":13},"end":{"line":16,"column":49}},"11":{"start":{"line":18,"column":0},"end":{"line":20,"column":3}},"12":{"start":{"line":19,"column":2},"end":{"line":19,"column":24}},"13":{"start":{"line":22,"column":13},"end":{"line":22,"column":53}},"14":{"start":{"line":24,"column":0},"end":{"line":26,"column":3}},"15":{"start":{"line":25,"column":2},"end":{"line":25,"column":23}},"16":{"start":{"line":29,"column":14},"end":{"line":29,"column":32}},"17":{"start":{"line":31,"column":2},"end":{"line":31,"column":36}},"18":{"start":{"line":35,"column":2},"end":{"line":35,"column":54}},"19":{"start":{"line":36,"column":2},"end":{"line":41,"column":5}},"20":{"start":{"line":37,"column":4},"end":{"line":39,"column":5}},"21":{"start":{"line":38,"column":6},"end":{"line":38,"column":16}},"22":{"start":{"line":40,"column":4},"end":{"line":40,"column":13}},"23":{"start":{"line":45,"column":2},"end":{"line":46,"column":116}},"24":{"start":{"line":51,"column":2},"end":{"line":51,"column":91}},"25":{"start":{"line":55,"column":2},"end":{"line":55,"column":106}},"26":{"start":{"line":60,"column":25},"end":{"line":60,"column":27}},"27":{"start":{"line":61,"column":2},"end":{"line":69,"column":5}},"28":{"start":{"line":62,"column":4},"end":{"line":68,"column":5}},"29":{"start":{"line":67,"column":6},"end":{"line":67,"column":37}},"30":{"start":{"line":70,"column":2},"end":{"line":70,"column":26}},"31":{"start":{"line":73,"column":28},"end":{"line":73,"column":29}},"32":{"start":{"line":74,"column":30},"end":{"line":74,"column":33}},"33":{"start":{"line":75,"column":25},"end":{"line":75,"column":27}},"34":{"start":{"line":76,"column":16},"end":{"line":76,"column":20}},"35":{"start":{"line":77,"column":30},"end":{"line":77,"column":32}},"36":{"start":{"line":78,"column":0},"end":{"line":203,"column":3}},"37":{"start":{"line":82,"column":21},"end":{"line":82,"column":23}},"38":{"start":{"line":83,"column":12},"end":{"line":83,"column":46}},"39":{"start":{"line":84,"column":2},"end":{"line":84,"column":31}},"40":{"start":{"line":87,"column":2},"end":{"line":202,"column":5}},"41":{"start":{"line":91,"column":4},"end":{"line":93,"column":5}},"42":{"start":{"line":92,"column":6},"end":{"line":92,"column":33}},"43":{"start":{"line":96,"column":25},"end":{"line":99,"column":6}},"44":{"start":{"line":96,"column":49},"end":{"line":96,"column":85}},"45":{"start":{"line":98,"column":6},"end":{"line":98,"column":72}},"46":{"start":{"line":102,"column":17},"end":{"line":102,"column":21}},"47":{"start":{"line":103,"column":4},"end":{"line":105,"column":5}},"48":{"start":{"line":104,"column":6},"end":{"line":104,"column":56}},"49":{"start":{"line":108,"column":14},"end":{"line":108,"column":23}},"50":{"start":{"line":109,"column":14},"end":{"line":109,"column":15}},"51":{"start":{"line":110,"column":4},"end":{"line":117,"column":5}},"52":{"start":{"line":110,"column":16},"end":{"line":110,"column":17}},"53":{"start":{"line":111,"column":6},"end":{"line":113,"column":7}},"54":{"start":{"line":112,"column":8},"end":{"line":112,"column":33}},"55":{"start":{"line":114,"column":6},"end":{"line":116,"column":7}},"56":{"start":{"line":115,"column":8},"end":{"line":115,"column":33}},"57":{"start":{"line":119,"column":37},"end":{"line":132,"column":3}},"58":{"start":{"line":135,"column":2},"end":{"line":201,"column":7}},"59":{"start":{"line":141,"column":24},"end":{"line":156,"column":8}},"60":{"start":{"line":143,"column":6},"end":{"line":155,"column":9}},"61":{"start":{"line":144,"column":8},"end":{"line":144,"column":20}},"62":{"start":{"line":148,"column":8},"end":{"line":154,"column":11}},"63":{"start":{"line":149,"column":10},"end":{"line":151,"column":38}},"64":{"start":{"line":153,"column":12},"end":{"line":153,"column":25}},"65":{"start":{"line":159,"column":23},"end":{"line":159,"column":32}},"66":{"start":{"line":164,"column":6},"end":{"line":184,"column":9}},"67":{"start":{"line":165,"column":20},"end":{"line":165,"column":21}},"68":{"start":{"line":166,"column":8},"end":{"line":168,"column":9}},"69":{"start":{"line":167,"column":10},"end":{"line":167,"column":18}},"70":{"start":{"line":170,"column":8},"end":{"line":172,"column":9}},"71":{"start":{"line":171,"column":10},"end":{"line":171,"column":18}},"72":{"start":{"line":177,"column":23},"end":{"line":177,"column":48}},"73":{"start":{"line":179,"column":8},"end":{"line":183,"column":9}},"74":{"start":{"line":180,"column":10},"end":{"line":180,"column":69}},"75":{"start":{"line":182,"column":10},"end":{"line":182,"column":42}},"76":{"start":{"line":188,"column":29},"end":{"line":192,"column":45}},"77":{"start":{"line":189,"column":8},"end":{"line":189,"column":27}},"78":{"start":{"line":192,"column":19},"end":{"line":192,"column":44}},"79":{"start":{"line":194,"column":6},"end":{"line":200,"column":9}},"80":{"start":{"line":195,"column":8},"end":{"line":199,"column":9}},"81":{"start":{"line":196,"column":10},"end":{"line":196,"column":37}},"82":{"start":{"line":198,"column":10},"end":{"line":198,"column":34}},"83":{"start":{"line":205,"column":16},"end":{"line":205,"column":17}},"84":{"start":{"line":206,"column":17},"end":{"line":206,"column":18}},"85":{"start":{"line":207,"column":18},"end":{"line":207,"column":22}},"86":{"start":{"line":208,"column":22},"end":{"line":208,"column":24}},"87":{"start":{"line":209,"column":16},"end":{"line":209,"column":23}},"88":{"start":{"line":210,"column":26},"end":{"line":210,"column":32}},"89":{"start":{"line":211,"column":27},"end":{"line":211,"column":33}},"90":{"start":{"line":212,"column":24},"end":{"line":212,"column":29}},"91":{"start":{"line":213,"column":0},"end":{"line":279,"column":3}},"92":{"start":{"line":214,"column":2},"end":{"line":214,"column":56}},"93":{"start":{"line":219,"column":2},"end":{"line":278,"column":5}},"94":{"start":{"line":224,"column":4},"end":{"line":277,"column":5}},"95":{"start":{"line":225,"column":6},"end":{"line":225,"column":26}},"96":{"start":{"line":231,"column":29},"end":{"line":231,"column":31}},"97":{"start":{"line":232,"column":30},"end":{"line":232,"column":60}},"98":{"start":{"line":233,"column":6},"end":{"line":235,"column":7}},"99":{"start":{"line":234,"column":8},"end":{"line":234,"column":59}},"100":{"start":{"line":237,"column":6},"end":{"line":276,"column":7}},"101":{"start":{"line":239,"column":8},"end":{"line":241,"column":9}},"102":{"start":{"line":240,"column":10},"end":{"line":240,"column":37}},"103":{"start":{"line":243,"column":8},"end":{"line":244,"column":96}},"104":{"start":{"line":248,"column":8},"end":{"line":250,"column":9}},"105":{"start":{"line":249,"column":10},"end":{"line":249,"column":36}},"106":{"start":{"line":251,"column":8},"end":{"line":258,"column":9}},"107":{"start":{"line":252,"column":10},"end":{"line":254,"column":11}},"108":{"start":{"line":253,"column":12},"end":{"line":253,"column":39}},"109":{"start":{"line":256,"column":10},"end":{"line":257,"column":98}},"110":{"start":{"line":261,"column":29},"end":{"line":263,"column":10}},"111":{"start":{"line":262,"column":10},"end":{"line":262,"column":76}},"112":{"start":{"line":264,"column":21},"end":{"line":264,"column":53}},"113":{"start":{"line":265,"column":21},"end":{"line":265,"column":61}},"114":{"start":{"line":267,"column":8},"end":{"line":271,"column":9}},"115":{"start":{"line":268,"column":10},"end":{"line":270,"column":11}},"116":{"start":{"line":269,"column":12},"end":{"line":269,"column":39}},"117":{"start":{"line":273,"column":8},"end":{"line":275,"column":48}},"118":{"start":{"line":281,"column":0},"end":{"line":308,"column":3}},"119":{"start":{"line":286,"column":2},"end":{"line":307,"column":5}},"120":{"start":{"line":291,"column":4},"end":{"line":306,"column":5}},"121":{"start":{"line":292,"column":6},"end":{"line":292,"column":26}},"122":{"start":{"line":297,"column":29},"end":{"line":297,"column":31}},"123":{"start":{"line":298,"column":30},"end":{"line":298,"column":60}},"124":{"start":{"line":299,"column":6},"end":{"line":304,"column":7}},"125":{"start":{"line":300,"column":8},"end":{"line":300,"column":59}},"126":{"start":{"line":303,"column":8},"end":{"line":303,"column":34}},"127":{"start":{"line":305,"column":6},"end":{"line":305,"column":33}},"128":{"start":{"line":310,"column":0},"end":{"line":310,"column":24}}},"fnMap":{"0":{"name":"(anonymous_0)","decl":{"start":{"line":12,"column":15},"end":{"line":12,"column":16}},"loc":{"start":{"line":12,"column":21},"end":{"line":14,"column":1}},"line":12},"1":{"name":"(anonymous_1)","decl":{"start":{"line":18,"column":12},"end":{"line":18,"column":13}},"loc":{"start":{"line":18,"column":18},"end":{"line":20,"column":1}},"line":18},"2":{"name":"(anonymous_2)","decl":{"start":{"line":24,"column":12},"end":{"line":24,"column":13}},"loc":{"start":{"line":24,"column":16},"end":{"line":26,"column":1}},"line":24},"3":{"name":"getOIdFromUserId","decl":{"start":{"line":28,"column":9},"end":{"line":28,"column":25}},"loc":{"start":{"line":28,"column":33},"end":{"line":32,"column":1}},"line":28},"4":{"name":"saveSearchHistory","decl":{"start":{"line":34,"column":9},"end":{"line":34,"column":26}},"loc":{"start":{"line":34,"column":31},"end":{"line":42,"column":1}},"line":34},"5":{"name":"(anonymous_5)","decl":{"start":{"line":36,"column":53},"end":{"line":36,"column":54}},"loc":{"start":{"line":36,"column":70},"end":{"line":41,"column":3}},"line":36},"6":{"name":"isDefaultSearch","decl":{"start":{"line":44,"column":9},"end":{"line":44,"column":24}},"loc":{"start":{"line":44,"column":29},"end":{"line":47,"column":1}},"line":44},"7":{"name":"doesSearchHaveLocationFilter","decl":{"start":{"line":50,"column":9},"end":{"line":50,"column":37}},"loc":{"start":{"line":50,"column":43},"end":{"line":52,"column":1}},"line":50},"8":{"name":"doesReqHaveLocationFilter","decl":{"start":{"line":54,"column":9},"end":{"line":54,"column":34}},"loc":{"start":{"line":54,"column":40},"end":{"line":56,"column":1}},"line":54},"9":{"name":"filterForLocations","decl":{"start":{"line":59,"column":9},"end":{"line":59,"column":27}},"loc":{"start":{"line":59,"column":41},"end":{"line":71,"column":1}},"line":59},"10":{"name":"(anonymous_10)","decl":{"start":{"line":61,"column":17},"end":{"line":61,"column":18}},"loc":{"start":{"line":61,"column":34},"end":{"line":69,"column":3}},"line":61},"11":{"name":"(anonymous_11)","decl":{"start":{"line":78,"column":53},"end":{"line":78,"column":54}},"loc":{"start":{"line":78,"column":67},"end":{"line":203,"column":1}},"line":78},"12":{"name":"(anonymous_12)","decl":{"start":{"line":90,"column":11},"end":{"line":90,"column":12}},"loc":{"start":{"line":90,"column":28},"end":{"line":202,"column":3}},"line":90},"13":{"name":"(anonymous_13)","decl":{"start":{"line":96,"column":39},"end":{"line":96,"column":40}},"loc":{"start":{"line":96,"column":49},"end":{"line":96,"column":85}},"line":96},"14":{"name":"(anonymous_14)","decl":{"start":{"line":97,"column":9},"end":{"line":97,"column":10}},"loc":{"start":{"line":97,"column":27},"end":{"line":99,"column":5}},"line":97},"15":{"name":"(anonymous_15)","decl":{"start":{"line":138,"column":11},"end":{"line":138,"column":12}},"loc":{"start":{"line":138,"column":28},"end":{"line":201,"column":5}},"line":138},"16":{"name":"(anonymous_16)","decl":{"start":{"line":141,"column":38},"end":{"line":141,"column":39}},"loc":{"start":{"line":141,"column":55},"end":{"line":156,"column":7}},"line":141},"17":{"name":"(anonymous_17)","decl":{"start":{"line":164,"column":28},"end":{"line":164,"column":29}},"loc":{"start":{"line":164,"column":46},"end":{"line":184,"column":7}},"line":164},"18":{"name":"(anonymous_18)","decl":{"start":{"line":188,"column":57},"end":{"line":188,"column":58}},"loc":{"start":{"line":188,"column":71},"end":{"line":190,"column":7}},"line":188},"19":{"name":"(anonymous_19)","decl":{"start":{"line":192,"column":11},"end":{"line":192,"column":12}},"loc":{"start":{"line":192,"column":19},"end":{"line":192,"column":44}},"line":192},"20":{"name":"(anonymous_20)","decl":{"start":{"line":194,"column":78},"end":{"line":194,"column":79}},"loc":{"start":{"line":194,"column":95},"end":{"line":200,"column":7}},"line":194},"21":{"name":"(anonymous_21)","decl":{"start":{"line":213,"column":48},"end":{"line":213,"column":49}},"loc":{"start":{"line":213,"column":59},"end":{"line":279,"column":1}},"line":213},"22":{"name":"(anonymous_22)","decl":{"start":{"line":223,"column":14},"end":{"line":223,"column":15}},"loc":{"start":{"line":223,"column":30},"end":{"line":278,"column":3}},"line":223},"23":{"name":"(anonymous_23)","decl":{"start":{"line":261,"column":50},"end":{"line":261,"column":51}},"loc":{"start":{"line":261,"column":68},"end":{"line":263,"column":9}},"line":261},"24":{"name":"(anonymous_24)","decl":{"start":{"line":281,"column":51},"end":{"line":281,"column":52}},"loc":{"start":{"line":281,"column":65},"end":{"line":308,"column":1}},"line":281},"25":{"name":"(anonymous_25)","decl":{"start":{"line":290,"column":14},"end":{"line":290,"column":15}},"loc":{"start":{"line":290,"column":30},"end":{"line":307,"column":3}},"line":290}},"branchMap":{"0":{"loc":{"start":{"line":37,"column":4},"end":{"line":39,"column":5}},"type":"if","locations":[{"start":{"line":37,"column":4},"end":{"line":39,"column":5}},{"start":{"line":37,"column":4},"end":{"line":39,"column":5}}],"line":37},"1":{"loc":{"start":{"line":45,"column":9},"end":{"line":46,"column":115}},"type":"binary-expr","locations":[{"start":{"line":45,"column":9},"end":{"line":45,"column":46}},{"start":{"line":45,"column":50},"end":{"line":45,"column":75}},{"start":{"line":45,"column":79},"end":{"line":45,"column":105}},{"start":{"line":45,"column":109},"end":{"line":45,"column":129}},{"start":{"line":45,"column":133},"end":{"line":45,"column":159}},{"start":{"line":46,"column":2},"end":{"line":46,"column":23}},{"start":{"line":46,"column":27},"end":{"line":46,"column":55}},{"start":{"line":46,"column":59},"end":{"line":46,"column":81}},{"start":{"line":46,"column":85},"end":{"line":46,"column":115}}],"line":45},"2":{"loc":{"start":{"line":51,"column":9},"end":{"line":51,"column":90}},"type":"binary-expr","locations":[{"start":{"line":51,"column":9},"end":{"line":51,"column":41}},{"start":{"line":51,"column":45},"end":{"line":51,"column":65}},{"start":{"line":51,"column":69},"end":{"line":51,"column":90}}],"line":51},"3":{"loc":{"start":{"line":55,"column":9},"end":{"line":55,"column":105}},"type":"binary-expr","locations":[{"start":{"line":55,"column":9},"end":{"line":55,"column":46}},{"start":{"line":55,"column":50},"end":{"line":55,"column":75}},{"start":{"line":55,"column":79},"end":{"line":55,"column":105}}],"line":55},"4":{"loc":{"start":{"line":62,"column":4},"end":{"line":68,"column":5}},"type":"if","locations":[{"start":{"line":62,"column":4},"end":{"line":68,"column":5}},{"start":{"line":62,"column":4},"end":{"line":68,"column":5}}],"line":62},"5":{"loc":{"start":{"line":91,"column":4},"end":{"line":93,"column":5}},"type":"if","locations":[{"start":{"line":91,"column":4},"end":{"line":93,"column":5}},{"start":{"line":91,"column":4},"end":{"line":93,"column":5}}],"line":91},"6":{"loc":{"start":{"line":103,"column":4},"end":{"line":105,"column":5}},"type":"if","locations":[{"start":{"line":103,"column":4},"end":{"line":105,"column":5}},{"start":{"line":103,"column":4},"end":{"line":105,"column":5}}],"line":103},"7":{"loc":{"start":{"line":111,"column":6},"end":{"line":113,"column":7}},"type":"if","locations":[{"start":{"line":111,"column":6},"end":{"line":113,"column":7}},{"start":{"line":111,"column":6},"end":{"line":113,"column":7}}],"line":111},"8":{"loc":{"start":{"line":114,"column":6},"end":{"line":116,"column":7}},"type":"if","locations":[{"start":{"line":114,"column":6},"end":{"line":116,"column":7}},{"start":{"line":114,"column":6},"end":{"line":116,"column":7}}],"line":114},"9":{"loc":{"start":{"line":143,"column":6},"end":{"line":155,"column":9}},"type":"if","locations":[{"start":{"line":143,"column":6},"end":{"line":155,"column":9}},{"start":{"line":143,"column":6},"end":{"line":155,"column":9}}],"line":143},"10":{"loc":{"start":{"line":148,"column":8},"end":{"line":154,"column":11}},"type":"if","locations":[{"start":{"line":148,"column":8},"end":{"line":154,"column":11}},{"start":{"line":148,"column":8},"end":{"line":154,"column":11}}],"line":148},"11":{"loc":{"start":{"line":148,"column":12},"end":{"line":148,"column":63}},"type":"binary-expr","locations":[{"start":{"line":148,"column":12},"end":{"line":148,"column":35}},{"start":{"line":148,"column":39},"end":{"line":148,"column":63}}],"line":148},"12":{"loc":{"start":{"line":166,"column":8},"end":{"line":168,"column":9}},"type":"if","locations":[{"start":{"line":166,"column":8},"end":{"line":168,"column":9}},{"start":{"line":166,"column":8},"end":{"line":168,"column":9}}],"line":166},"13":{"loc":{"start":{"line":166,"column":12},"end":{"line":166,"column":62}},"type":"binary-expr","locations":[{"start":{"line":166,"column":12},"end":{"line":166,"column":35}},{"start":{"line":166,"column":39},"end":{"line":166,"column":62}}],"line":166},"14":{"loc":{"start":{"line":170,"column":8},"end":{"line":172,"column":9}},"type":"if","locations":[{"start":{"line":170,"column":8},"end":{"line":172,"column":9}},{"start":{"line":170,"column":8},"end":{"line":172,"column":9}}],"line":170},"15":{"loc":{"start":{"line":170,"column":12},"end":{"line":170,"column":62}},"type":"binary-expr","locations":[{"start":{"line":170,"column":12},"end":{"line":170,"column":35}},{"start":{"line":170,"column":39},"end":{"line":170,"column":62}}],"line":170},"16":{"loc":{"start":{"line":179,"column":8},"end":{"line":183,"column":9}},"type":"if","locations":[{"start":{"line":179,"column":8},"end":{"line":183,"column":9}},{"start":{"line":179,"column":8},"end":{"line":183,"column":9}}],"line":179},"17":{"loc":{"start":{"line":195,"column":8},"end":{"line":199,"column":9}},"type":"if","locations":[{"start":{"line":195,"column":8},"end":{"line":199,"column":9}},{"start":{"line":195,"column":8},"end":{"line":199,"column":9}}],"line":195},"18":{"loc":{"start":{"line":220,"column":44},"end":{"line":220,"column":98}},"type":"cond-expr","locations":[{"start":{"line":220,"column":73},"end":{"line":220,"column":80}},{"start":{"line":220,"column":83},"end":{"line":220,"column":98}}],"line":220},"19":{"loc":{"start":{"line":221,"column":46},"end":{"line":221,"column":103}},"type":"cond-expr","locations":[{"start":{"line":221,"column":77},"end":{"line":221,"column":84}},{"start":{"line":221,"column":87},"end":{"line":221,"column":103}}],"line":221},"20":{"loc":{"start":{"line":222,"column":44},"end":{"line":222,"column":104}},"type":"cond-expr","locations":[{"start":{"line":222,"column":77},"end":{"line":222,"column":84}},{"start":{"line":222,"column":87},"end":{"line":222,"column":104}}],"line":222},"21":{"loc":{"start":{"line":224,"column":4},"end":{"line":277,"column":5}},"type":"if","locations":[{"start":{"line":224,"column":4},"end":{"line":277,"column":5}},{"start":{"line":224,"column":4},"end":{"line":277,"column":5}}],"line":224},"22":{"loc":{"start":{"line":233,"column":6},"end":{"line":235,"column":7}},"type":"if","locations":[{"start":{"line":233,"column":6},"end":{"line":235,"column":7}},{"start":{"line":233,"column":6},"end":{"line":235,"column":7}}],"line":233},"23":{"loc":{"start":{"line":237,"column":6},"end":{"line":276,"column":7}},"type":"if","locations":[{"start":{"line":237,"column":6},"end":{"line":276,"column":7}},{"start":{"line":237,"column":6},"end":{"line":276,"column":7}}],"line":237},"24":{"loc":{"start":{"line":237,"column":10},"end":{"line":237,"column":67}},"type":"binary-expr","locations":[{"start":{"line":237,"column":10},"end":{"line":237,"column":38}},{"start":{"line":237,"column":42},"end":{"line":237,"column":67}}],"line":237},"25":{"loc":{"start":{"line":239,"column":8},"end":{"line":241,"column":9}},"type":"if","locations":[{"start":{"line":239,"column":8},"end":{"line":241,"column":9}},{"start":{"line":239,"column":8},"end":{"line":241,"column":9}}],"line":239},"26":{"loc":{"start":{"line":248,"column":8},"end":{"line":250,"column":9}},"type":"if","locations":[{"start":{"line":248,"column":8},"end":{"line":250,"column":9}},{"start":{"line":248,"column":8},"end":{"line":250,"column":9}}],"line":248},"27":{"loc":{"start":{"line":251,"column":8},"end":{"line":258,"column":9}},"type":"if","locations":[{"start":{"line":251,"column":8},"end":{"line":258,"column":9}},{"start":{"line":251,"column":8},"end":{"line":258,"column":9}}],"line":251},"28":{"loc":{"start":{"line":252,"column":10},"end":{"line":254,"column":11}},"type":"if","locations":[{"start":{"line":252,"column":10},"end":{"line":254,"column":11}},{"start":{"line":252,"column":10},"end":{"line":254,"column":11}}],"line":252},"29":{"loc":{"start":{"line":267,"column":8},"end":{"line":271,"column":9}},"type":"if","locations":[{"start":{"line":267,"column":8},"end":{"line":271,"column":9}},{"start":{"line":267,"column":8},"end":{"line":271,"column":9}}],"line":267},"30":{"loc":{"start":{"line":268,"column":10},"end":{"line":270,"column":11}},"type":"if","locations":[{"start":{"line":268,"column":10},"end":{"line":270,"column":11}},{"start":{"line":268,"column":10},"end":{"line":270,"column":11}}],"line":268},"31":{"loc":{"start":{"line":287,"column":44},"end":{"line":287,"column":98}},"type":"cond-expr","locations":[{"start":{"line":287,"column":73},"end":{"line":287,"column":80}},{"start":{"line":287,"column":83},"end":{"line":287,"column":98}}],"line":287},"32":{"loc":{"start":{"line":288,"column":46},"end":{"line":288,"column":103}},"type":"cond-expr","locations":[{"start":{"line":288,"column":77},"end":{"line":288,"column":84}},{"start":{"line":288,"column":87},"end":{"line":288,"column":103}}],"line":288},"33":{"loc":{"start":{"line":289,"column":44},"end":{"line":289,"column":104}},"type":"cond-expr","locations":[{"start":{"line":289,"column":77},"end":{"line":289,"column":84}},{"start":{"line":289,"column":87},"end":{"line":289,"column":104}}],"line":289},"34":{"loc":{"start":{"line":291,"column":4},"end":{"line":306,"column":5}},"type":"if","locations":[{"start":{"line":291,"column":4},"end":{"line":306,"column":5}},{"start":{"line":291,"column":4},"end":{"line":306,"column":5}}],"line":291},"35":{"loc":{"start":{"line":299,"column":6},"end":{"line":304,"column":7}},"type":"if","locations":[{"start":{"line":299,"column":6},"end":{"line":304,"column":7}},{"start":{"line":299,"column":6},"end":{"line":304,"column":7}}],"line":299}},"s":{"0":1,"1":1,"2":1,"3":1,"4":1,"5":1,"6":1,"7":1,"8":1,"9":1,"10":1,"11":1,"12":1,"13":1,"14":1,"15":1,"16":10,"17":10,"18":6,"19":6,"20":6,"21":0,"22":6,"23":5,"24":2,"25":11,"26":7,"27":7,"28":5,"29":4,"30":7,"31":1,"32":1,"33":1,"34":1,"35":1,"36":1,"37":2,"38":2,"39":2,"40":2,"41":2,"42":0,"43":2,"44":2,"45":2,"46":2,"47":2,"48":1,"49":2,"50":2,"51":2,"52":2,"53":2,"54":1,"55":2,"56":1,"57":2,"58":2,"59":2,"60":3,"61":0,"62":3,"63":3,"64":0,"65":2,"66":2,"67":3,"68":3,"69":2,"70":3,"71":2,"72":3,"73":3,"74":1,"75":2,"76":2,"77":1,"78":2,"79":2,"80":2,"81":0,"82":2,"83":1,"84":1,"85":1,"86":1,"87":1,"88":1,"89":1,"90":1,"91":1,"92":7,"93":7,"94":7,"95":0,"96":7,"97":7,"98":7,"99":5,"100":7,"101":1,"102":0,"103":1,"104":6,"105":2,"106":6,"107":1,"108":0,"109":1,"110":5,"111":5,"112":5,"113":5,"114":5,"115":4,"116":0,"117":5,"118":1,"119":4,"120":4,"121":0,"122":4,"123":4,"124":4,"125":2,"126":2,"127":4,"128":1},"f":{"0":1,"1":1,"2":1,"3":10,"4":6,"5":6,"6":5,"7":2,"8":11,"9":7,"10":5,"11":2,"12":2,"13":2,"14":2,"15":2,"16":3,"17":3,"18":1,"19":2,"20":2,"21":7,"22":7,"23":5,"24":4,"25":4},"b":{"0":[0,6],"1":[5,1,1,1,1,1,1,1,1],"2":[2,2,2],"3":[11,8,7],"4":[4,1],"5":[0,2],"6":[1,1],"7":[1,1],"8":[1,1],"9":[0,3],"10":[3,0],"11":[3,3],"12":[2,1],"13":[3,3],"14":[2,1],"15":[3,3],"16":[1,2],"17":[0,2],"18":[2,5],"19":[2,5],"20":[2,5],"21":[0,7],"22":[5,2],"23":[1,6],"24":[7,3],"25":[0,1],"26":[2,4],"27":[1,5],"28":[0,1],"29":[4,1],"30":[0,4],"31":[1,3],"32":[1,3],"33":[1,3],"34":[0,4],"35":[2,2]},"_coverageSchema":"43e27e138ebf9cfc5966b082cf9a028302ed4184","hash":"7850ed9e0ec2748a8be6146308beae27fc95fd4f"}
,"C:\\Users\\jerem\\Documents\\School\\UBC\\CPEN321\\CPEN321\\backend\\routes\\listings.js": {"path":"C:\\Users\\jerem\\Documents\\School\\UBC\\CPEN321\\CPEN321\\backend\\routes\\listings.js","statementMap":{"0":{"start":{"line":1,"column":14},"end":{"line":1,"column":32}},"1":{"start":{"line":2,"column":19},"end":{"line":2,"column":41}},"2":{"start":{"line":3,"column":13},"end":{"line":3,"column":29}},"3":{"start":{"line":5,"column":17},"end":{"line":5,"column":34}},"4":{"start":{"line":6,"column":0},"end":{"line":6,"column":30}},"5":{"start":{"line":8,"column":13},"end":{"line":8,"column":53}},"6":{"start":{"line":10,"column":0},"end":{"line":12,"column":3}},"7":{"start":{"line":11,"column":4},"end":{"line":11,"column":22}},"8":{"start":{"line":14,"column":13},"end":{"line":14,"column":49}},"9":{"start":{"line":16,"column":0},"end":{"line":18,"column":3}},"10":{"start":{"line":17,"column":2},"end":{"line":17,"column":24}},"11":{"start":{"line":20,"column":13},"end":{"line":20,"column":53}},"12":{"start":{"line":22,"column":0},"end":{"line":24,"column":3}},"13":{"start":{"line":23,"column":2},"end":{"line":23,"column":23}},"14":{"start":{"line":27,"column":14},"end":{"line":27,"column":32}},"15":{"start":{"line":29,"column":2},"end":{"line":29,"column":36}},"16":{"start":{"line":32,"column":0},"end":{"line":38,"column":3}},"17":{"start":{"line":35,"column":2},"end":{"line":37,"column":5}},"18":{"start":{"line":36,"column":4},"end":{"line":36,"column":21}},"19":{"start":{"line":40,"column":0},"end":{"line":53,"column":3}},"20":{"start":{"line":43,"column":13},"end":{"line":43,"column":47}},"21":{"start":{"line":45,"column":2},"end":{"line":52,"column":5}},"22":{"start":{"line":46,"column":4},"end":{"line":51,"column":5}},"23":{"start":{"line":47,"column":6},"end":{"line":47,"column":26}},"24":{"start":{"line":50,"column":6},"end":{"line":50,"column":23}},"25":{"start":{"line":55,"column":0},"end":{"line":68,"column":3}},"26":{"start":{"line":56,"column":13},"end":{"line":56,"column":46}},"27":{"start":{"line":58,"column":2},"end":{"line":67,"column":5}},"28":{"start":{"line":61,"column":4},"end":{"line":66,"column":5}},"29":{"start":{"line":62,"column":6},"end":{"line":62,"column":26}},"30":{"start":{"line":65,"column":6},"end":{"line":65,"column":23}},"31":{"start":{"line":70,"column":0},"end":{"line":85,"column":3}},"32":{"start":{"line":73,"column":2},"end":{"line":84,"column":3}},"33":{"start":{"line":74,"column":15},"end":{"line":74,"column":51}},"34":{"start":{"line":76,"column":4},"end":{"line":81,"column":7}},"35":{"start":{"line":77,"column":6},"end":{"line":79,"column":7}},"36":{"start":{"line":78,"column":8},"end":{"line":78,"column":28}},"37":{"start":{"line":80,"column":6},"end":{"line":80,"column":26}},"38":{"start":{"line":83,"column":4},"end":{"line":83,"column":24}},"39":{"start":{"line":87,"column":0},"end":{"line":131,"column":3}},"40":{"start":{"line":88,"column":2},"end":{"line":88,"column":56}},"41":{"start":{"line":90,"column":21},"end":{"line":90,"column":29}},"42":{"start":{"line":91,"column":2},"end":{"line":91,"column":59}},"43":{"start":{"line":92,"column":2},"end":{"line":92,"column":61}},"44":{"start":{"line":93,"column":2},"end":{"line":93,"column":53}},"45":{"start":{"line":94,"column":2},"end":{"line":94,"column":55}},"46":{"start":{"line":95,"column":2},"end":{"line":95,"column":57}},"47":{"start":{"line":96,"column":2},"end":{"line":96,"column":37}},"48":{"start":{"line":97,"column":2},"end":{"line":97,"column":61}},"49":{"start":{"line":98,"column":2},"end":{"line":98,"column":60}},"50":{"start":{"line":103,"column":2},"end":{"line":130,"column":5}},"51":{"start":{"line":104,"column":4},"end":{"line":104,"column":34}},"52":{"start":{"line":105,"column":4},"end":{"line":129,"column":7}},"53":{"start":{"line":106,"column":31},"end":{"line":106,"column":64}},"54":{"start":{"line":106,"column":50},"end":{"line":106,"column":63}},"55":{"start":{"line":107,"column":29},"end":{"line":107,"column":116}},"56":{"start":{"line":108,"column":20},"end":{"line":111,"column":7}},"57":{"start":{"line":113,"column":6},"end":{"line":128,"column":7}},"58":{"start":{"line":114,"column":8},"end":{"line":125,"column":11}},"59":{"start":{"line":116,"column":10},"end":{"line":124,"column":11}},"60":{"start":{"line":117,"column":33},"end":{"line":117,"column":35}},"61":{"start":{"line":118,"column":12},"end":{"line":122,"column":15}},"62":{"start":{"line":119,"column":14},"end":{"line":121,"column":15}},"63":{"start":{"line":120,"column":16},"end":{"line":120,"column":59}},"64":{"start":{"line":127,"column":8},"end":{"line":127,"column":15}},"65":{"start":{"line":133,"column":0},"end":{"line":133,"column":24}}},"fnMap":{"0":{"name":"(anonymous_0)","decl":{"start":{"line":10,"column":15},"end":{"line":10,"column":16}},"loc":{"start":{"line":10,"column":21},"end":{"line":12,"column":1}},"line":10},"1":{"name":"(anonymous_1)","decl":{"start":{"line":16,"column":12},"end":{"line":16,"column":13}},"loc":{"start":{"line":16,"column":18},"end":{"line":18,"column":1}},"line":16},"2":{"name":"(anonymous_2)","decl":{"start":{"line":22,"column":12},"end":{"line":22,"column":13}},"loc":{"start":{"line":22,"column":16},"end":{"line":24,"column":1}},"line":22},"3":{"name":"getOIdFromUserId","decl":{"start":{"line":26,"column":9},"end":{"line":26,"column":25}},"loc":{"start":{"line":26,"column":33},"end":{"line":30,"column":1}},"line":26},"4":{"name":"(anonymous_4)","decl":{"start":{"line":32,"column":40},"end":{"line":32,"column":41}},"loc":{"start":{"line":32,"column":54},"end":{"line":38,"column":1}},"line":32},"5":{"name":"(anonymous_5)","decl":{"start":{"line":35,"column":51},"end":{"line":35,"column":52}},"loc":{"start":{"line":35,"column":67},"end":{"line":37,"column":3}},"line":35},"6":{"name":"(anonymous_6)","decl":{"start":{"line":40,"column":45},"end":{"line":40,"column":46}},"loc":{"start":{"line":40,"column":59},"end":{"line":53,"column":1}},"line":40},"7":{"name":"(anonymous_7)","decl":{"start":{"line":45,"column":65},"end":{"line":45,"column":66}},"loc":{"start":{"line":45,"column":81},"end":{"line":52,"column":3}},"line":45},"8":{"name":"(anonymous_8)","decl":{"start":{"line":55,"column":51},"end":{"line":55,"column":52}},"loc":{"start":{"line":55,"column":65},"end":{"line":68,"column":1}},"line":55},"9":{"name":"(anonymous_9)","decl":{"start":{"line":60,"column":13},"end":{"line":60,"column":14}},"loc":{"start":{"line":60,"column":29},"end":{"line":67,"column":3}},"line":60},"10":{"name":"(anonymous_10)","decl":{"start":{"line":70,"column":43},"end":{"line":70,"column":44}},"loc":{"start":{"line":70,"column":57},"end":{"line":85,"column":1}},"line":70},"11":{"name":"(anonymous_11)","decl":{"start":{"line":76,"column":61},"end":{"line":76,"column":62}},"loc":{"start":{"line":76,"column":76},"end":{"line":81,"column":5}},"line":76},"12":{"name":"(anonymous_12)","decl":{"start":{"line":87,"column":72},"end":{"line":87,"column":73}},"loc":{"start":{"line":87,"column":83},"end":{"line":131,"column":1}},"line":87},"13":{"name":"(anonymous_13)","decl":{"start":{"line":103,"column":52},"end":{"line":103,"column":53}},"loc":{"start":{"line":103,"column":69},"end":{"line":130,"column":3}},"line":103},"14":{"name":"(anonymous_14)","decl":{"start":{"line":105,"column":75},"end":{"line":105,"column":76}},"loc":{"start":{"line":105,"column":92},"end":{"line":129,"column":5}},"line":105},"15":{"name":"(anonymous_15)","decl":{"start":{"line":106,"column":42},"end":{"line":106,"column":43}},"loc":{"start":{"line":106,"column":50},"end":{"line":106,"column":63}},"line":106},"16":{"name":"(anonymous_16)","decl":{"start":{"line":115,"column":14},"end":{"line":115,"column":15}},"loc":{"start":{"line":115,"column":28},"end":{"line":125,"column":9}},"line":115},"17":{"name":"(anonymous_17)","decl":{"start":{"line":118,"column":39},"end":{"line":118,"column":40}},"loc":{"start":{"line":118,"column":54},"end":{"line":122,"column":13}},"line":118}},"branchMap":{"0":{"loc":{"start":{"line":46,"column":4},"end":{"line":51,"column":5}},"type":"if","locations":[{"start":{"line":46,"column":4},"end":{"line":51,"column":5}},{"start":{"line":46,"column":4},"end":{"line":51,"column":5}}],"line":46},"1":{"loc":{"start":{"line":61,"column":4},"end":{"line":66,"column":5}},"type":"if","locations":[{"start":{"line":61,"column":4},"end":{"line":66,"column":5}},{"start":{"line":61,"column":4},"end":{"line":66,"column":5}}],"line":61},"2":{"loc":{"start":{"line":77,"column":6},"end":{"line":79,"column":7}},"type":"if","locations":[{"start":{"line":77,"column":6},"end":{"line":79,"column":7}},{"start":{"line":77,"column":6},"end":{"line":79,"column":7}}],"line":77},"3":{"loc":{"start":{"line":116,"column":10},"end":{"line":124,"column":11}},"type":"if","locations":[{"start":{"line":116,"column":10},"end":{"line":124,"column":11}},{"start":{"line":116,"column":10},"end":{"line":124,"column":11}}],"line":116},"4":{"loc":{"start":{"line":119,"column":14},"end":{"line":121,"column":15}},"type":"if","locations":[{"start":{"line":119,"column":14},"end":{"line":121,"column":15}},{"start":{"line":119,"column":14},"end":{"line":121,"column":15}}],"line":119}},"s":{"0":1,"1":1,"2":1,"3":1,"4":1,"5":1,"6":1,"7":1,"8":1,"9":1,"10":1,"11":1,"12":1,"13":1,"14":8,"15":8,"16":1,"17":3,"18":3,"19":1,"20":1,"21":1,"22":1,"23":0,"24":1,"25":1,"26":2,"27":2,"28":2,"29":0,"30":2,"31":1,"32":3,"33":3,"34":2,"35":2,"36":0,"37":2,"38":1,"39":1,"40":2,"41":2,"42":2,"43":2,"44":2,"45":2,"46":2,"47":2,"48":2,"49":2,"50":2,"51":2,"52":2,"53":2,"54":2,"55":2,"56":2,"57":2,"58":2,"59":1,"60":1,"61":1,"62":2,"63":2,"64":1,"65":1},"f":{"0":1,"1":1,"2":1,"3":8,"4":3,"5":3,"6":1,"7":1,"8":2,"9":2,"10":3,"11":2,"12":2,"13":2,"14":2,"15":2,"16":1,"17":2},"b":{"0":[0,1],"1":[0,2],"2":[0,2],"3":[1,0],"4":[2,0]},"_coverageSchema":"43e27e138ebf9cfc5966b082cf9a028302ed4184","hash":"4cf4080a4795974d47ddc50fd09f36b450c26bd4"}
,"C:\\Users\\jerem\\Documents\\School\\UBC\\CPEN321\\CPEN321\\backend\\routes\\login.js": {"path":"C:\\Users\\jerem\\Documents\\School\\UBC\\CPEN321\\CPEN321\\backend\\routes\\login.js","statementMap":{"0":{"start":{"line":1,"column":14},"end":{"line":1,"column":32}},"1":{"start":{"line":2,"column":19},"end":{"line":2,"column":41}},"2":{"start":{"line":3,"column":13},"end":{"line":3,"column":29}},"3":{"start":{"line":5,"column":17},"end":{"line":5,"column":34}},"4":{"start":{"line":6,"column":0},"end":{"line":6,"column":30}},"5":{"start":{"line":8,"column":13},"end":{"line":8,"column":53}},"6":{"start":{"line":10,"column":0},"end":{"line":12,"column":3}},"7":{"start":{"line":11,"column":4},"end":{"line":11,"column":22}},"8":{"start":{"line":14,"column":0},"end":{"line":30,"column":3}},"9":{"start":{"line":16,"column":2},"end":{"line":29,"column":5}},"10":{"start":{"line":18,"column":4},"end":{"line":28,"column":5}},"11":{"start":{"line":19,"column":6},"end":{"line":19,"column":26}},"12":{"start":{"line":20,"column":11},"end":{"line":28,"column":5}},"13":{"start":{"line":21,"column":6},"end":{"line":21,"column":63}},"14":{"start":{"line":22,"column":22},"end":{"line":24,"column":7}},"15":{"start":{"line":25,"column":6},"end":{"line":25,"column":41}},"16":{"start":{"line":27,"column":6},"end":{"line":27,"column":26}},"17":{"start":{"line":32,"column":0},"end":{"line":32,"column":24}}},"fnMap":{"0":{"name":"(anonymous_0)","decl":{"start":{"line":10,"column":15},"end":{"line":10,"column":16}},"loc":{"start":{"line":10,"column":21},"end":{"line":12,"column":1}},"line":10},"1":{"name":"(anonymous_1)","decl":{"start":{"line":14,"column":34},"end":{"line":14,"column":35}},"loc":{"start":{"line":14,"column":47},"end":{"line":30,"column":1}},"line":14},"2":{"name":"(anonymous_2)","decl":{"start":{"line":16,"column":48},"end":{"line":16,"column":49}},"loc":{"start":{"line":16,"column":70},"end":{"line":29,"column":3}},"line":16}},"branchMap":{"0":{"loc":{"start":{"line":18,"column":4},"end":{"line":28,"column":5}},"type":"if","locations":[{"start":{"line":18,"column":4},"end":{"line":28,"column":5}},{"start":{"line":18,"column":4},"end":{"line":28,"column":5}}],"line":18},"1":{"loc":{"start":{"line":20,"column":11},"end":{"line":28,"column":5}},"type":"if","locations":[{"start":{"line":20,"column":11},"end":{"line":28,"column":5}},{"start":{"line":20,"column":11},"end":{"line":28,"column":5}}],"line":20}},"s":{"0":1,"1":1,"2":1,"3":1,"4":1,"5":1,"6":1,"7":1,"8":1,"9":2,"10":2,"11":0,"12":2,"13":1,"14":1,"15":1,"16":1,"17":1},"f":{"0":1,"1":2,"2":2},"b":{"0":[0,2],"1":[1,1]},"_coverageSchema":"43e27e138ebf9cfc5966b082cf9a028302ed4184","hash":"d328d3bfc809969793f450fad7c1239ace177834"}
,"C:\\Users\\jerem\\Documents\\School\\UBC\\CPEN321\\CPEN321\\backend\\routes\\reviews.js": {"path":"C:\\Users\\jerem\\Documents\\School\\UBC\\CPEN321\\CPEN321\\backend\\routes\\reviews.js","statementMap":{"0":{"start":{"line":1,"column":14},"end":{"line":1,"column":32}},"1":{"start":{"line":2,"column":19},"end":{"line":2,"column":41}},"2":{"start":{"line":3,"column":13},"end":{"line":3,"column":29}},"3":{"start":{"line":5,"column":17},"end":{"line":5,"column":34}},"4":{"start":{"line":6,"column":0},"end":{"line":6,"column":30}},"5":{"start":{"line":8,"column":13},"end":{"line":8,"column":53}},"6":{"start":{"line":10,"column":0},"end":{"line":12,"column":3}},"7":{"start":{"line":11,"column":4},"end":{"line":11,"column":22}},"8":{"start":{"line":15,"column":14},"end":{"line":15,"column":32}},"9":{"start":{"line":17,"column":2},"end":{"line":17,"column":36}},"10":{"start":{"line":20,"column":0},"end":{"line":42,"column":3}},"11":{"start":{"line":21,"column":2},"end":{"line":21,"column":56}},"12":{"start":{"line":24,"column":21},"end":{"line":24,"column":29}},"13":{"start":{"line":25,"column":2},"end":{"line":25,"column":69}},"14":{"start":{"line":26,"column":2},"end":{"line":26,"column":69}},"15":{"start":{"line":27,"column":2},"end":{"line":27,"column":55}},"16":{"start":{"line":28,"column":2},"end":{"line":28,"column":55}},"17":{"start":{"line":29,"column":2},"end":{"line":29,"column":55}},"18":{"start":{"line":30,"column":2},"end":{"line":30,"column":65}},"19":{"start":{"line":31,"column":2},"end":{"line":31,"column":51}},"20":{"start":{"line":35,"column":2},"end":{"line":41,"column":5}},"21":{"start":{"line":36,"column":4},"end":{"line":40,"column":5}},"22":{"start":{"line":37,"column":6},"end":{"line":37,"column":26}},"23":{"start":{"line":39,"column":6},"end":{"line":39,"column":26}},"24":{"start":{"line":44,"column":0},"end":{"line":59,"column":3}},"25":{"start":{"line":47,"column":13},"end":{"line":47,"column":46}},"26":{"start":{"line":48,"column":2},"end":{"line":58,"column":5}},"27":{"start":{"line":51,"column":4},"end":{"line":57,"column":5}},"28":{"start":{"line":52,"column":6},"end":{"line":52,"column":26}},"29":{"start":{"line":56,"column":6},"end":{"line":56,"column":23}},"30":{"start":{"line":61,"column":0},"end":{"line":75,"column":3}},"31":{"start":{"line":64,"column":13},"end":{"line":64,"column":46}},"32":{"start":{"line":65,"column":2},"end":{"line":74,"column":5}},"33":{"start":{"line":68,"column":4},"end":{"line":73,"column":5}},"34":{"start":{"line":69,"column":6},"end":{"line":69,"column":26}},"35":{"start":{"line":72,"column":6},"end":{"line":72,"column":23}},"36":{"start":{"line":77,"column":0},"end":{"line":77,"column":24}}},"fnMap":{"0":{"name":"(anonymous_0)","decl":{"start":{"line":10,"column":15},"end":{"line":10,"column":16}},"loc":{"start":{"line":10,"column":21},"end":{"line":12,"column":1}},"line":10},"1":{"name":"getOIdFromUserId","decl":{"start":{"line":14,"column":9},"end":{"line":14,"column":25}},"loc":{"start":{"line":14,"column":33},"end":{"line":18,"column":1}},"line":14},"2":{"name":"(anonymous_2)","decl":{"start":{"line":20,"column":42},"end":{"line":20,"column":43}},"loc":{"start":{"line":20,"column":55},"end":{"line":42,"column":1}},"line":20},"3":{"name":"(anonymous_3)","decl":{"start":{"line":35,"column":51},"end":{"line":35,"column":52}},"loc":{"start":{"line":35,"column":68},"end":{"line":41,"column":3}},"line":35},"4":{"name":"(anonymous_4)","decl":{"start":{"line":44,"column":55},"end":{"line":44,"column":56}},"loc":{"start":{"line":44,"column":69},"end":{"line":59,"column":1}},"line":44},"5":{"name":"(anonymous_5)","decl":{"start":{"line":50,"column":13},"end":{"line":50,"column":14}},"loc":{"start":{"line":50,"column":29},"end":{"line":58,"column":3}},"line":50},"6":{"name":"(anonymous_6)","decl":{"start":{"line":61,"column":55},"end":{"line":61,"column":56}},"loc":{"start":{"line":61,"column":69},"end":{"line":75,"column":1}},"line":61},"7":{"name":"(anonymous_7)","decl":{"start":{"line":67,"column":13},"end":{"line":67,"column":14}},"loc":{"start":{"line":67,"column":30},"end":{"line":74,"column":3}},"line":67}},"branchMap":{"0":{"loc":{"start":{"line":36,"column":4},"end":{"line":40,"column":5}},"type":"if","locations":[{"start":{"line":36,"column":4},"end":{"line":40,"column":5}},{"start":{"line":36,"column":4},"end":{"line":40,"column":5}}],"line":36},"1":{"loc":{"start":{"line":51,"column":4},"end":{"line":57,"column":5}},"type":"if","locations":[{"start":{"line":51,"column":4},"end":{"line":57,"column":5}},{"start":{"line":51,"column":4},"end":{"line":57,"column":5}}],"line":51},"2":{"loc":{"start":{"line":68,"column":4},"end":{"line":73,"column":5}},"type":"if","locations":[{"start":{"line":68,"column":4},"end":{"line":73,"column":5}},{"start":{"line":68,"column":4},"end":{"line":73,"column":5}}],"line":68}},"s":{"0":1,"1":1,"2":1,"3":1,"4":1,"5":1,"6":1,"7":1,"8":2,"9":2,"10":1,"11":1,"12":1,"13":1,"14":1,"15":1,"16":1,"17":1,"18":1,"19":1,"20":1,"21":1,"22":0,"23":1,"24":1,"25":0,"26":0,"27":0,"28":0,"29":0,"30":1,"31":0,"32":0,"33":0,"34":0,"35":0,"36":1},"f":{"0":1,"1":2,"2":1,"3":1,"4":0,"5":0,"6":0,"7":0},"b":{"0":[0,1],"1":[0,0],"2":[0,0]},"_coverageSchema":"43e27e138ebf9cfc5966b082cf9a028302ed4184","hash":"6b416da361e5f2febd411fa9b4598efb45970b76"}
,"C:\\Users\\jerem\\Documents\\School\\UBC\\CPEN321\\CPEN321\\backend\\routes\\users.js": {"path":"C:\\Users\\jerem\\Documents\\School\\UBC\\CPEN321\\CPEN321\\backend\\routes\\users.js","statementMap":{"0":{"start":{"line":1,"column":14},"end":{"line":1,"column":32}},"1":{"start":{"line":2,"column":19},"end":{"line":2,"column":41}},"2":{"start":{"line":3,"column":13},"end":{"line":3,"column":29}},"3":{"start":{"line":5,"column":17},"end":{"line":5,"column":34}},"4":{"start":{"line":6,"column":0},"end":{"line":6,"column":30}},"5":{"start":{"line":8,"column":13},"end":{"line":8,"column":53}},"6":{"start":{"line":10,"column":0},"end":{"line":12,"column":3}},"7":{"start":{"line":11,"column":4},"end":{"line":11,"column":22}},"8":{"start":{"line":14,"column":13},"end":{"line":14,"column":49}},"9":{"start":{"line":16,"column":0},"end":{"line":18,"column":3}},"10":{"start":{"line":17,"column":2},"end":{"line":17,"column":24}},"11":{"start":{"line":21,"column":14},"end":{"line":21,"column":32}},"12":{"start":{"line":23,"column":2},"end":{"line":23,"column":36}},"13":{"start":{"line":26,"column":0},"end":{"line":55,"column":3}},"14":{"start":{"line":27,"column":2},"end":{"line":27,"column":56}},"15":{"start":{"line":29,"column":21},"end":{"line":29,"column":29}},"16":{"start":{"line":30,"column":2},"end":{"line":54,"column":5}},"17":{"start":{"line":31,"column":4},"end":{"line":53,"column":5}},"18":{"start":{"line":32,"column":6},"end":{"line":32,"column":26}},"19":{"start":{"line":35,"column":6},"end":{"line":52,"column":7}},"20":{"start":{"line":36,"column":8},"end":{"line":36,"column":53}},"21":{"start":{"line":37,"column":8},"end":{"line":37,"column":42}},"22":{"start":{"line":39,"column":8},"end":{"line":49,"column":11}},"23":{"start":{"line":40,"column":10},"end":{"line":48,"column":11}},"24":{"start":{"line":41,"column":12},"end":{"line":41,"column":32}},"25":{"start":{"line":43,"column":12},"end":{"line":43,"column":69}},"26":{"start":{"line":44,"column":28},"end":{"line":46,"column":13}},"27":{"start":{"line":47,"column":12},"end":{"line":47,"column":47}},"28":{"start":{"line":51,"column":8},"end":{"line":51,"column":28}},"29":{"start":{"line":57,"column":0},"end":{"line":70,"column":3}},"30":{"start":{"line":60,"column":13},"end":{"line":60,"column":46}},"31":{"start":{"line":62,"column":2},"end":{"line":69,"column":5}},"32":{"start":{"line":63,"column":4},"end":{"line":68,"column":5}},"33":{"start":{"line":64,"column":6},"end":{"line":64,"column":26}},"34":{"start":{"line":67,"column":6},"end":{"line":67,"column":26}},"35":{"start":{"line":72,"column":0},"end":{"line":88,"column":3}},"36":{"start":{"line":75,"column":13},"end":{"line":75,"column":46}},"37":{"start":{"line":77,"column":2},"end":{"line":87,"column":5}},"38":{"start":{"line":80,"column":4},"end":{"line":86,"column":5}},"39":{"start":{"line":81,"column":6},"end":{"line":81,"column":26}},"40":{"start":{"line":85,"column":6},"end":{"line":85,"column":23}},"41":{"start":{"line":90,"column":0},"end":{"line":136,"column":3}},"42":{"start":{"line":93,"column":13},"end":{"line":93,"column":46}},"43":{"start":{"line":94,"column":21},"end":{"line":94,"column":29}},"44":{"start":{"line":96,"column":2},"end":{"line":135,"column":5}},"45":{"start":{"line":97,"column":4},"end":{"line":134,"column":5}},"46":{"start":{"line":98,"column":6},"end":{"line":98,"column":26}},"47":{"start":{"line":101,"column":6},"end":{"line":133,"column":7}},"48":{"start":{"line":102,"column":8},"end":{"line":112,"column":11}},"49":{"start":{"line":105,"column":10},"end":{"line":111,"column":11}},"50":{"start":{"line":106,"column":12},"end":{"line":106,"column":32}},"51":{"start":{"line":110,"column":12},"end":{"line":110,"column":32}},"52":{"start":{"line":114,"column":8},"end":{"line":132,"column":11}},"53":{"start":{"line":115,"column":10},"end":{"line":131,"column":11}},"54":{"start":{"line":116,"column":12},"end":{"line":116,"column":32}},"55":{"start":{"line":117,"column":17},"end":{"line":131,"column":11}},"56":{"start":{"line":118,"column":12},"end":{"line":128,"column":15}},"57":{"start":{"line":121,"column":14},"end":{"line":127,"column":15}},"58":{"start":{"line":122,"column":16},"end":{"line":122,"column":36}},"59":{"start":{"line":126,"column":16},"end":{"line":126,"column":36}},"60":{"start":{"line":130,"column":12},"end":{"line":130,"column":32}},"61":{"start":{"line":138,"column":0},"end":{"line":155,"column":3}},"62":{"start":{"line":141,"column":13},"end":{"line":141,"column":46}},"63":{"start":{"line":142,"column":21},"end":{"line":142,"column":29}},"64":{"start":{"line":143,"column":2},"end":{"line":143,"column":36}},"65":{"start":{"line":146,"column":2},"end":{"line":154,"column":5}},"66":{"start":{"line":147,"column":4},"end":{"line":153,"column":5}},"67":{"start":{"line":148,"column":6},"end":{"line":148,"column":26}},"68":{"start":{"line":152,"column":6},"end":{"line":152,"column":26}},"69":{"start":{"line":157,"column":0},"end":{"line":157,"column":24}}},"fnMap":{"0":{"name":"(anonymous_0)","decl":{"start":{"line":10,"column":15},"end":{"line":10,"column":16}},"loc":{"start":{"line":10,"column":21},"end":{"line":12,"column":1}},"line":10},"1":{"name":"(anonymous_1)","decl":{"start":{"line":16,"column":12},"end":{"line":16,"column":13}},"loc":{"start":{"line":16,"column":18},"end":{"line":18,"column":1}},"line":16},"2":{"name":"getOIdFromUserId","decl":{"start":{"line":20,"column":9},"end":{"line":20,"column":25}},"loc":{"start":{"line":20,"column":33},"end":{"line":24,"column":1}},"line":20},"3":{"name":"(anonymous_3)","decl":{"start":{"line":26,"column":62},"end":{"line":26,"column":63}},"loc":{"start":{"line":26,"column":75},"end":{"line":55,"column":1}},"line":26},"4":{"name":"(anonymous_4)","decl":{"start":{"line":30,"column":62},"end":{"line":30,"column":63}},"loc":{"start":{"line":30,"column":83},"end":{"line":54,"column":3}},"line":30},"5":{"name":"(anonymous_5)","decl":{"start":{"line":39,"column":55},"end":{"line":39,"column":56}},"loc":{"start":{"line":39,"column":72},"end":{"line":49,"column":9}},"line":39},"6":{"name":"(anonymous_6)","decl":{"start":{"line":57,"column":47},"end":{"line":57,"column":48}},"loc":{"start":{"line":57,"column":60},"end":{"line":70,"column":1}},"line":57},"7":{"name":"(anonymous_7)","decl":{"start":{"line":62,"column":86},"end":{"line":62,"column":87}},"loc":{"start":{"line":62,"column":106},"end":{"line":69,"column":3}},"line":62},"8":{"name":"(anonymous_8)","decl":{"start":{"line":72,"column":43},"end":{"line":72,"column":44}},"loc":{"start":{"line":72,"column":57},"end":{"line":88,"column":1}},"line":72},"9":{"name":"(anonymous_9)","decl":{"start":{"line":79,"column":13},"end":{"line":79,"column":14}},"loc":{"start":{"line":79,"column":29},"end":{"line":87,"column":3}},"line":79},"10":{"name":"(anonymous_10)","decl":{"start":{"line":90,"column":45},"end":{"line":90,"column":46}},"loc":{"start":{"line":90,"column":58},"end":{"line":136,"column":1}},"line":90},"11":{"name":"(anonymous_11)","decl":{"start":{"line":96,"column":62},"end":{"line":96,"column":63}},"loc":{"start":{"line":96,"column":83},"end":{"line":135,"column":3}},"line":96},"12":{"name":"(anonymous_12)","decl":{"start":{"line":104,"column":92},"end":{"line":104,"column":93}},"loc":{"start":{"line":104,"column":112},"end":{"line":112,"column":9}},"line":104},"13":{"name":"(anonymous_13)","decl":{"start":{"line":114,"column":70},"end":{"line":114,"column":71}},"loc":{"start":{"line":114,"column":93},"end":{"line":132,"column":9}},"line":114},"14":{"name":"(anonymous_14)","decl":{"start":{"line":120,"column":81},"end":{"line":120,"column":82}},"loc":{"start":{"line":120,"column":101},"end":{"line":128,"column":13}},"line":120},"15":{"name":"(anonymous_15)","decl":{"start":{"line":138,"column":73},"end":{"line":138,"column":74}},"loc":{"start":{"line":138,"column":86},"end":{"line":155,"column":1}},"line":138},"16":{"name":"(anonymous_16)","decl":{"start":{"line":146,"column":91},"end":{"line":146,"column":92}},"loc":{"start":{"line":146,"column":111},"end":{"line":154,"column":3}},"line":146}},"branchMap":{"0":{"loc":{"start":{"line":31,"column":4},"end":{"line":53,"column":5}},"type":"if","locations":[{"start":{"line":31,"column":4},"end":{"line":53,"column":5}},{"start":{"line":31,"column":4},"end":{"line":53,"column":5}}],"line":31},"1":{"loc":{"start":{"line":35,"column":6},"end":{"line":52,"column":7}},"type":"if","locations":[{"start":{"line":35,"column":6},"end":{"line":52,"column":7}},{"start":{"line":35,"column":6},"end":{"line":52,"column":7}}],"line":35},"2":{"loc":{"start":{"line":40,"column":10},"end":{"line":48,"column":11}},"type":"if","locations":[{"start":{"line":40,"column":10},"end":{"line":48,"column":11}},{"start":{"line":40,"column":10},"end":{"line":48,"column":11}}],"line":40},"3":{"loc":{"start":{"line":63,"column":4},"end":{"line":68,"column":5}},"type":"if","locations":[{"start":{"line":63,"column":4},"end":{"line":68,"column":5}},{"start":{"line":63,"column":4},"end":{"line":68,"column":5}}],"line":63},"4":{"loc":{"start":{"line":80,"column":4},"end":{"line":86,"column":5}},"type":"if","locations":[{"start":{"line":80,"column":4},"end":{"line":86,"column":5}},{"start":{"line":80,"column":4},"end":{"line":86,"column":5}}],"line":80},"5":{"loc":{"start":{"line":97,"column":4},"end":{"line":134,"column":5}},"type":"if","locations":[{"start":{"line":97,"column":4},"end":{"line":134,"column":5}},{"start":{"line":97,"column":4},"end":{"line":134,"column":5}}],"line":97},"6":{"loc":{"start":{"line":101,"column":6},"end":{"line":133,"column":7}},"type":"if","locations":[{"start":{"line":101,"column":6},"end":{"line":133,"column":7}},{"start":{"line":101,"column":6},"end":{"line":133,"column":7}}],"line":101},"7":{"loc":{"start":{"line":105,"column":10},"end":{"line":111,"column":11}},"type":"if","locations":[{"start":{"line":105,"column":10},"end":{"line":111,"column":11}},{"start":{"line":105,"column":10},"end":{"line":111,"column":11}}],"line":105},"8":{"loc":{"start":{"line":115,"column":10},"end":{"line":131,"column":11}},"type":"if","locations":[{"start":{"line":115,"column":10},"end":{"line":131,"column":11}},{"start":{"line":115,"column":10},"end":{"line":131,"column":11}}],"line":115},"9":{"loc":{"start":{"line":117,"column":17},"end":{"line":131,"column":11}},"type":"if","locations":[{"start":{"line":117,"column":17},"end":{"line":131,"column":11}},{"start":{"line":117,"column":17},"end":{"line":131,"column":11}}],"line":117},"10":{"loc":{"start":{"line":121,"column":14},"end":{"line":127,"column":15}},"type":"if","locations":[{"start":{"line":121,"column":14},"end":{"line":127,"column":15}},{"start":{"line":121,"column":14},"end":{"line":127,"column":15}}],"line":121},"11":{"loc":{"start":{"line":147,"column":4},"end":{"line":153,"column":5}},"type":"if","locations":[{"start":{"line":147,"column":4},"end":{"line":153,"column":5}},{"start":{"line":147,"column":4},"end":{"line":153,"column":5}}],"line":147}},"s":{"0":1,"1":1,"2":1,"3":1,"4":1,"5":1,"6":1,"7":1,"8":1,"9":1,"10":1,"11":2,"12":2,"13":1,"14":4,"15":4,"16":4,"17":4,"18":0,"19":4,"20":3,"21":3,"22":3,"23":3,"24":0,"25":3,"26":3,"27":3,"28":1,"29":1,"30":2,"31":2,"32":2,"33":0,"34":2,"35":1,"36":0,"37":0,"38":0,"39":0,"40":0,"41":1,"42":0,"43":0,"44":0,"45":0,"46":0,"47":0,"48":0,"49":0,"50":0,"51":0,"52":0,"53":0,"54":0,"55":0,"56":0,"57":0,"58":0,"59":0,"60":0,"61":1,"62":0,"63":0,"64":0,"65":0,"66":0,"67":0,"68":0,"69":1},"f":{"0":1,"1":1,"2":2,"3":4,"4":4,"5":3,"6":2,"7":2,"8":0,"9":0,"10":0,"11":0,"12":0,"13":0,"14":0,"15":0,"16":0},"b":{"0":[0,4],"1":[3,1],"2":[0,3],"3":[0,2],"4":[0,0],"5":[0,0],"6":[0,0],"7":[0,0],"8":[0,0],"9":[0,0],"10":[0,0],"11":[0,0]},"_coverageSchema":"43e27e138ebf9cfc5966b082cf9a028302ed4184","hash":"4418aa6740d722cccce43663aed6bb9f648ad890"}
}
