TN:
SF:C:\Users\jerem\Documents\School\UBC\CPEN321\CPEN321\backend\app.js
FN:28,(anonymous_0)
FN:33,(anonymous_1)
FN:40,(anonymous_2)
FN:84,getOIdFromUserId
FN:90,saveSearchHistory
FN:92,(anonymous_5)
FN:100,isDefaultSearch
FN:106,doesSearchHaveLocationFilter
FN:110,doesReqHaveLocationFilter
FN:115,filterForLocations
FN:117,(anonymous_10)
FN:129,(anonymous_11)
FNF:12
FNH:8
FNDA:1,(anonymous_0)
FNDA:1,(anonymous_1)
FNDA:1,(anonymous_2)
FNDA:1,getOIdFromUserId
FNDA:0,saveSearchHistory
FNDA:0,(anonymous_5)
FNDA:2,isDefaultSearch
FNDA:2,doesSearchHaveLocationFilter
FNDA:2,doesReqHaveLocationFilter
FNDA:0,filterForLocations
FNDA:0,(anonymous_10)
FNDA:1,(anonymous_11)
DA:1,2
DA:4,2
DA:5,2
DA:9,2
DA:10,2
DA:18,2
DA:19,2
DA:26,2
DA:28,2
DA:29,1
DA:31,1
DA:33,1
DA:34,1
DA:36,1
DA:38,1
DA:40,1
DA:41,1
DA:43,1
DA:44,1
DA:46,1
DA:47,1
DA:49,1
DA:50,1
DA:52,1
DA:53,1
DA:55,1
DA:56,1
DA:58,1
DA:59,1
DA:75,2
DA:76,2
DA:77,2
DA:78,2
DA:79,2
DA:80,2
DA:81,2
DA:82,2
DA:85,1
DA:87,1
DA:91,0
DA:92,0
DA:93,0
DA:94,0
DA:96,0
DA:101,2
DA:107,2
DA:111,2
DA:116,0
DA:117,0
DA:118,0
DA:123,0
DA:126,0
DA:129,2
DA:130,1
DA:133,2
LF:55
LH:45
BRDA:93,0,0,0
BRDA:93,0,1,0
BRDA:101,1,0,2
BRDA:101,1,1,2
BRDA:101,1,2,1
BRDA:101,1,3,1
BRDA:101,1,4,1
BRDA:101,1,5,1
BRDA:101,1,6,1
BRDA:101,1,7,1
BRDA:101,1,8,1
BRDA:107,2,0,2
BRDA:107,2,1,1
BRDA:107,2,2,1
BRDA:111,3,0,2
BRDA:111,3,1,1
BRDA:111,3,2,1
BRDA:118,4,0,0
BRDA:118,4,1,0
BRF:19
BRH:15
end_of_record
TN:
SF:C:\Users\jerem\Documents\School\UBC\CPEN321\CPEN321\backend\connections\db_connections.js
FN:6,connect
FN:9,(anonymous_1)
FN:19,get
FNF:3
FNH:3
FNDA:8,connect
FNDA:1,(anonymous_1)
FNDA:7,get
DA:1,2
DA:2,2
DA:4,2
DA:7,8
DA:8,2
DA:9,2
DA:10,1
DA:11,1
DA:15,6
DA:20,7
DA:23,2
LF:11
LH:11
BRDA:7,0,0,2
BRDA:7,0,1,6
BRF:2
BRH:2
end_of_record
TN:
SF:C:\Users\jerem\Documents\School\UBC\CPEN321\CPEN321\backend\connections\fb_connections.js
FN:6,init
FN:16,get
FNF:2
FNH:2
FNDA:4,init
FNDA:4,get
DA:1,1
DA:2,1
DA:3,1
DA:4,1
DA:7,4
DA:8,1
DA:13,4
DA:17,4
DA:20,1
LF:9
LH:9
BRDA:7,0,0,1
BRDA:7,0,1,3
BRF:2
BRH:2
end_of_record
TN:
SF:C:\Users\jerem\Documents\School\UBC\CPEN321\CPEN321\backend\connections\storage.js
FN:7,init
FN:9,(anonymous_1)
FN:12,(anonymous_2)
FN:21,get
FNF:4
FNH:2
FNDA:5,init
FNDA:0,(anonymous_1)
FNDA:0,(anonymous_2)
FNDA:5,get
DA:1,1
DA:2,1
DA:8,5
DA:10,0
DA:13,0
DA:17,5
DA:18,5
DA:22,5
DA:25,1
LF:9
LH:7
BRF:0
BRH:0
end_of_record
TN:
SF:C:\Users\jerem\Documents\School\UBC\CPEN321\CPEN321\backend\routes\chat.js
FN:10,(anonymous_0)
FN:16,(anonymous_1)
FN:22,(anonymous_2)
FN:26,getOIdFromUserId
FN:32,get_chat_rooms
FN:37,read_all_rooms
FN:41,getMessagesWithNames
FN:43,(anonymous_7)
FN:56,(anonymous_8)
FN:67,(anonymous_9)
FN:88,(anonymous_10)
FN:95,(anonymous_11)
FN:110,(anonymous_12)
FN:120,(anonymous_13)
FN:121,processRooms
FN:122,(anonymous_15)
FN:129,updateRoomsWithNames
FN:145,finallyReturn
FN:157,populateNames
FN:168,(anonymous_19)
FN:184,(anonymous_20)
FN:193,(anonymous_21)
FN:194,(anonymous_22)
FN:224,(anonymous_23)
FN:228,(anonymous_24)
FN:233,(anonymous_25)
FN:237,(anonymous_26)
FN:255,(anonymous_27)
FN:266,(anonymous_28)
FNF:29
FNH:3
FNDA:1,(anonymous_0)
FNDA:1,(anonymous_1)
FNDA:1,(anonymous_2)
FNDA:0,getOIdFromUserId
FNDA:0,get_chat_rooms
FNDA:0,read_all_rooms
FNDA:0,getMessagesWithNames
FNDA:0,(anonymous_7)
FNDA:0,(anonymous_8)
FNDA:0,(anonymous_9)
FNDA:0,(anonymous_10)
FNDA:0,(anonymous_11)
FNDA:0,(anonymous_12)
FNDA:0,(anonymous_13)
FNDA:0,processRooms
FNDA:0,(anonymous_15)
FNDA:0,updateRoomsWithNames
FNDA:0,finallyReturn
FNDA:0,populateNames
FNDA:0,(anonymous_19)
FNDA:0,(anonymous_20)
FNDA:0,(anonymous_21)
FNDA:0,(anonymous_22)
FNDA:0,(anonymous_23)
FNDA:0,(anonymous_24)
FNDA:0,(anonymous_25)
FNDA:0,(anonymous_26)
FNDA:0,(anonymous_27)
FNDA:0,(anonymous_28)
DA:1,1
DA:2,1
DA:3,1
DA:5,1
DA:6,1
DA:8,1
DA:10,1
DA:11,1
DA:14,1
DA:16,1
DA:17,1
DA:20,1
DA:22,1
DA:23,1
DA:27,0
DA:29,0
DA:33,0
DA:34,0
DA:38,0
DA:42,0
DA:43,0
DA:44,0
DA:51,0
DA:53,0
DA:56,1
DA:60,0
DA:61,0
DA:64,0
DA:68,0
DA:69,0
DA:72,0
DA:74,0
DA:78,0
DA:79,0
DA:82,0
DA:88,1
DA:92,0
DA:93,0
DA:95,0
DA:96,0
DA:97,0
DA:101,0
DA:102,0
DA:105,0
DA:110,1
DA:113,0
DA:114,0
DA:115,0
DA:117,0
DA:120,0
DA:122,0
DA:124,0
DA:125,0
DA:126,0
DA:129,0
DA:130,0
DA:132,0
DA:133,0
DA:134,0
DA:146,0
DA:149,0
DA:152,0
DA:154,0
DA:159,0
DA:160,0
DA:162,0
DA:167,0
DA:171,0
DA:179,0
DA:184,1
DA:188,0
DA:189,0
DA:190,0
DA:191,0
DA:192,0
DA:193,0
DA:194,0
DA:198,0
DA:200,0
DA:201,0
DA:205,0
DA:206,0
DA:208,0
DA:209,0
DA:210,0
DA:217,0
DA:223,0
DA:232,0
DA:241,0
DA:242,0
DA:246,0
DA:247,0
DA:250,0
DA:255,1
DA:259,0
DA:260,0
DA:261,0
DA:264,0
DA:267,0
DA:268,0
DA:271,0
DA:272,0
DA:273,0
DA:278,1
LF:104
LH:20
BRDA:68,0,0,0
BRDA:68,0,1,0
BRDA:72,1,0,0
BRDA:72,1,1,0
BRDA:96,2,0,0
BRDA:96,2,1,0
BRDA:133,3,0,0
BRDA:133,3,1,0
BRDA:159,4,0,0
BRDA:159,4,1,0
BRDA:198,5,0,0
BRDA:198,5,1,0
BRDA:241,6,0,0
BRDA:241,6,1,0
BRDA:267,7,0,0
BRDA:267,7,1,0
BRF:16
BRH:0
end_of_record
TN:
SF:C:\Users\jerem\Documents\School\UBC\CPEN321\CPEN321\backend\routes\filter.js
FN:12,(anonymous_0)
FN:18,(anonymous_1)
FN:24,(anonymous_2)
FN:28,getOIdFromUserId
FN:34,saveSearchHistory
FN:36,(anonymous_5)
FN:44,isDefaultSearch
FN:50,doesSearchHaveLocationFilter
FN:54,doesReqHaveLocationFilter
FN:59,filterForLocations
FN:61,(anonymous_10)
FN:78,(anonymous_11)
FN:90,(anonymous_12)
FN:96,(anonymous_13)
FN:97,(anonymous_14)
FN:138,(anonymous_15)
FN:141,(anonymous_16)
FN:164,(anonymous_17)
FN:188,(anonymous_18)
FN:192,(anonymous_19)
FN:194,(anonymous_20)
FN:213,(anonymous_21)
FN:223,(anonymous_22)
FN:261,(anonymous_23)
FN:281,(anonymous_24)
FN:290,(anonymous_25)
FNF:26
FNH:26
FNDA:1,(anonymous_0)
FNDA:1,(anonymous_1)
FNDA:1,(anonymous_2)
FNDA:10,getOIdFromUserId
FNDA:6,saveSearchHistory
FNDA:6,(anonymous_5)
FNDA:5,isDefaultSearch
FNDA:2,doesSearchHaveLocationFilter
FNDA:11,doesReqHaveLocationFilter
FNDA:7,filterForLocations
FNDA:5,(anonymous_10)
FNDA:2,(anonymous_11)
FNDA:2,(anonymous_12)
FNDA:2,(anonymous_13)
FNDA:2,(anonymous_14)
FNDA:2,(anonymous_15)
FNDA:3,(anonymous_16)
FNDA:3,(anonymous_17)
FNDA:1,(anonymous_18)
FNDA:2,(anonymous_19)
FNDA:2,(anonymous_20)
FNDA:7,(anonymous_21)
FNDA:7,(anonymous_22)
FNDA:5,(anonymous_23)
FNDA:4,(anonymous_24)
FNDA:4,(anonymous_25)
DA:1,1
DA:2,1
DA:3,1
DA:4,1
DA:5,1
DA:7,1
DA:8,1
DA:10,1
DA:12,1
DA:13,1
DA:16,1
DA:18,1
DA:19,1
DA:22,1
DA:24,1
DA:25,1
DA:29,10
DA:31,10
DA:35,6
DA:36,6
DA:37,6
DA:38,0
DA:40,6
DA:45,5
DA:51,2
DA:55,11
DA:60,7
DA:61,7
DA:62,5
DA:67,4
DA:70,7
DA:73,1
DA:74,1
DA:75,1
DA:76,1
DA:77,1
DA:78,1
DA:82,2
DA:83,2
DA:84,2
DA:87,2
DA:91,2
DA:92,0
DA:96,2
DA:98,2
DA:102,2
DA:103,2
DA:104,1
DA:108,2
DA:109,2
DA:110,2
DA:111,2
DA:112,1
DA:114,2
DA:115,1
DA:119,2
DA:135,2
DA:141,2
DA:143,3
DA:144,0
DA:148,3
DA:149,3
DA:153,0
DA:159,2
DA:164,2
DA:165,3
DA:166,3
DA:167,2
DA:170,3
DA:171,2
DA:177,3
DA:179,3
DA:180,1
DA:182,2
DA:188,2
DA:189,1
DA:192,2
DA:194,2
DA:195,2
DA:196,0
DA:198,2
DA:205,1
DA:206,1
DA:207,1
DA:208,1
DA:209,1
DA:210,1
DA:211,1
DA:212,1
DA:213,1
DA:214,7
DA:219,7
DA:224,7
DA:225,0
DA:231,7
DA:232,7
DA:233,7
DA:234,5
DA:237,7
DA:239,1
DA:240,0
DA:243,1
DA:248,6
DA:249,2
DA:251,6
DA:252,1
DA:253,0
DA:256,1
DA:261,5
DA:262,5
DA:264,5
DA:265,5
DA:267,5
DA:268,4
DA:269,0
DA:273,5
DA:281,1
DA:286,4
DA:291,4
DA:292,0
DA:297,4
DA:298,4
DA:299,4
DA:300,2
DA:303,2
DA:305,4
DA:310,1
LF:127
LH:117
BRDA:37,0,0,0
BRDA:37,0,1,6
BRDA:45,1,0,5
BRDA:45,1,1,1
BRDA:45,1,2,1
BRDA:45,1,3,1
BRDA:45,1,4,1
BRDA:45,1,5,1
BRDA:45,1,6,1
BRDA:45,1,7,1
BRDA:45,1,8,1
BRDA:51,2,0,2
BRDA:51,2,1,2
BRDA:51,2,2,2
BRDA:55,3,0,11
BRDA:55,3,1,8
BRDA:55,3,2,7
BRDA:62,4,0,4
BRDA:62,4,1,1
BRDA:91,5,0,0
BRDA:91,5,1,2
BRDA:103,6,0,1
BRDA:103,6,1,1
BRDA:111,7,0,1
BRDA:111,7,1,1
BRDA:114,8,0,1
BRDA:114,8,1,1
BRDA:143,9,0,0
BRDA:143,9,1,3
BRDA:148,10,0,3
BRDA:148,10,1,0
BRDA:148,11,0,3
BRDA:148,11,1,3
BRDA:166,12,0,2
BRDA:166,12,1,1
BRDA:166,13,0,3
BRDA:166,13,1,3
BRDA:170,14,0,2
BRDA:170,14,1,1
BRDA:170,15,0,3
BRDA:170,15,1,3
BRDA:179,16,0,1
BRDA:179,16,1,2
BRDA:195,17,0,0
BRDA:195,17,1,2
BRDA:220,18,0,2
BRDA:220,18,1,5
BRDA:221,19,0,2
BRDA:221,19,1,5
BRDA:222,20,0,2
BRDA:222,20,1,5
BRDA:224,21,0,0
BRDA:224,21,1,7
BRDA:233,22,0,5
BRDA:233,22,1,2
BRDA:237,23,0,1
BRDA:237,23,1,6
BRDA:237,24,0,7
BRDA:237,24,1,3
BRDA:239,25,0,0
BRDA:239,25,1,1
BRDA:248,26,0,2
BRDA:248,26,1,4
BRDA:251,27,0,1
BRDA:251,27,1,5
BRDA:252,28,0,0
BRDA:252,28,1,1
BRDA:267,29,0,4
BRDA:267,29,1,1
BRDA:268,30,0,0
BRDA:268,30,1,4
BRDA:287,31,0,1
BRDA:287,31,1,3
BRDA:288,32,0,1
BRDA:288,32,1,3
BRDA:289,33,0,1
BRDA:289,33,1,3
BRDA:291,34,0,0
BRDA:291,34,1,4
BRDA:299,35,0,2
BRDA:299,35,1,2
BRF:81
BRH:71
end_of_record
TN:
SF:C:\Users\jerem\Documents\School\UBC\CPEN321\CPEN321\backend\routes\listings.js
FN:10,(anonymous_0)
FN:16,(anonymous_1)
FN:22,(anonymous_2)
FN:26,getOIdFromUserId
FN:32,(anonymous_4)
FN:35,(anonymous_5)
FN:40,(anonymous_6)
FN:45,(anonymous_7)
FN:55,(anonymous_8)
FN:60,(anonymous_9)
FN:70,(anonymous_10)
FN:76,(anonymous_11)
FN:87,(anonymous_12)
FN:103,(anonymous_13)
FN:105,(anonymous_14)
FN:106,(anonymous_15)
FN:115,(anonymous_16)
FN:118,(anonymous_17)
FNF:18
FNH:18
FNDA:1,(anonymous_0)
FNDA:1,(anonymous_1)
FNDA:1,(anonymous_2)
FNDA:8,getOIdFromUserId
FNDA:3,(anonymous_4)
FNDA:3,(anonymous_5)
FNDA:1,(anonymous_6)
FNDA:1,(anonymous_7)
FNDA:2,(anonymous_8)
FNDA:2,(anonymous_9)
FNDA:3,(anonymous_10)
FNDA:2,(anonymous_11)
FNDA:2,(anonymous_12)
FNDA:2,(anonymous_13)
FNDA:2,(anonymous_14)
FNDA:2,(anonymous_15)
FNDA:1,(anonymous_16)
FNDA:2,(anonymous_17)
DA:1,1
DA:2,1
DA:3,1
DA:5,1
DA:6,1
DA:8,1
DA:10,1
DA:11,1
DA:14,1
DA:16,1
DA:17,1
DA:20,1
DA:22,1
DA:23,1
DA:27,8
DA:29,8
DA:32,1
DA:35,3
DA:36,3
DA:40,1
DA:43,1
DA:45,1
DA:46,1
DA:47,0
DA:50,1
DA:55,1
DA:56,2
DA:58,2
DA:61,2
DA:62,0
DA:65,2
DA:70,1
DA:73,3
DA:74,3
DA:76,2
DA:77,2
DA:78,0
DA:80,2
DA:83,1
DA:87,1
DA:88,2
DA:90,2
DA:91,2
DA:92,2
DA:93,2
DA:94,2
DA:95,2
DA:96,2
DA:97,2
DA:98,2
DA:103,2
DA:104,2
DA:105,2
DA:106,2
DA:107,2
DA:108,2
DA:113,2
DA:114,2
DA:116,1
DA:117,1
DA:118,1
DA:119,2
DA:120,2
DA:127,1
DA:133,1
LF:65
LH:62
BRDA:46,0,0,0
BRDA:46,0,1,1
BRDA:61,1,0,0
BRDA:61,1,1,2
BRDA:77,2,0,0
BRDA:77,2,1,2
BRDA:116,3,0,1
BRDA:116,3,1,0
BRDA:119,4,0,2
BRDA:119,4,1,0
BRF:10
BRH:5
end_of_record
TN:
SF:C:\Users\jerem\Documents\School\UBC\CPEN321\CPEN321\backend\routes\login.js
FN:10,(anonymous_0)
FN:14,(anonymous_1)
FN:16,(anonymous_2)
FNF:3
FNH:3
FNDA:1,(anonymous_0)
FNDA:2,(anonymous_1)
FNDA:2,(anonymous_2)
DA:1,1
DA:2,1
DA:3,1
DA:5,1
DA:6,1
DA:8,1
DA:10,1
DA:11,1
DA:14,1
DA:16,2
DA:18,2
DA:19,0
DA:20,2
DA:21,1
DA:22,1
DA:25,1
DA:27,1
DA:32,1
LF:18
LH:17
BRDA:18,0,0,0
BRDA:18,0,1,2
BRDA:20,1,0,1
BRDA:20,1,1,1
BRF:4
BRH:3
end_of_record
TN:
SF:C:\Users\jerem\Documents\School\UBC\CPEN321\CPEN321\backend\routes\reviews.js
FN:10,(anonymous_0)
FN:14,getOIdFromUserId
FN:20,(anonymous_2)
FN:35,(anonymous_3)
FN:44,(anonymous_4)
FN:50,(anonymous_5)
FN:61,(anonymous_6)
FN:67,(anonymous_7)
FNF:8
FNH:4
FNDA:1,(anonymous_0)
FNDA:2,getOIdFromUserId
FNDA:1,(anonymous_2)
FNDA:1,(anonymous_3)
FNDA:0,(anonymous_4)
FNDA:0,(anonymous_5)
FNDA:0,(anonymous_6)
FNDA:0,(anonymous_7)
DA:1,1
DA:2,1
DA:3,1
DA:5,1
DA:6,1
DA:8,1
DA:10,1
DA:11,1
DA:15,2
DA:17,2
DA:20,1
DA:21,1
DA:24,1
DA:25,1
DA:26,1
DA:27,1
DA:28,1
DA:29,1
DA:30,1
DA:31,1
DA:35,1
DA:36,1
DA:37,0
DA:39,1
DA:44,1
DA:47,0
DA:48,0
DA:51,0
DA:52,0
DA:56,0
DA:61,1
DA:64,0
DA:65,0
DA:68,0
DA:69,0
DA:72,0
DA:77,1
LF:37
LH:26
BRDA:36,0,0,0
BRDA:36,0,1,1
BRDA:51,1,0,0
BRDA:51,1,1,0
BRDA:68,2,0,0
BRDA:68,2,1,0
BRF:6
BRH:1
end_of_record
TN:
SF:C:\Users\jerem\Documents\School\UBC\CPEN321\CPEN321\backend\routes\users.js
FN:10,(anonymous_0)
FN:16,(anonymous_1)
FN:20,getOIdFromUserId
FN:26,(anonymous_3)
FN:30,(anonymous_4)
FN:39,(anonymous_5)
FN:57,(anonymous_6)
FN:62,(anonymous_7)
FN:72,(anonymous_8)
FN:79,(anonymous_9)
FN:90,(anonymous_10)
FN:96,(anonymous_11)
FN:104,(anonymous_12)
FN:114,(anonymous_13)
FN:120,(anonymous_14)
FN:138,(anonymous_15)
FN:146,(anonymous_16)
FNF:17
FNH:8
FNDA:1,(anonymous_0)
FNDA:1,(anonymous_1)
FNDA:2,getOIdFromUserId
FNDA:4,(anonymous_3)
FNDA:4,(anonymous_4)
FNDA:3,(anonymous_5)
FNDA:2,(anonymous_6)
FNDA:2,(anonymous_7)
FNDA:0,(anonymous_8)
FNDA:0,(anonymous_9)
FNDA:0,(anonymous_10)
FNDA:0,(anonymous_11)
FNDA:0,(anonymous_12)
FNDA:0,(anonymous_13)
FNDA:0,(anonymous_14)
FNDA:0,(anonymous_15)
FNDA:0,(anonymous_16)
DA:1,1
DA:2,1
DA:3,1
DA:5,1
DA:6,1
DA:8,1
DA:10,1
DA:11,1
DA:14,1
DA:16,1
DA:17,1
DA:21,2
DA:23,2
DA:26,1
DA:27,4
DA:29,4
DA:30,4
DA:31,4
DA:32,0
DA:35,4
DA:36,3
DA:37,3
DA:39,3
DA:40,3
DA:41,0
DA:43,3
DA:44,3
DA:47,3
DA:51,1
DA:57,1
DA:60,2
DA:62,2
DA:63,2
DA:64,0
DA:67,2
DA:72,1
DA:75,0
DA:77,0
DA:80,0
DA:81,0
DA:85,0
DA:90,1
DA:93,0
DA:94,0
DA:96,0
DA:97,0
DA:98,0
DA:101,0
DA:102,0
DA:105,0
DA:106,0
DA:110,0
DA:114,0
DA:115,0
DA:116,0
DA:117,0
DA:118,0
DA:121,0
DA:122,0
DA:126,0
DA:130,0
DA:138,1
DA:141,0
DA:142,0
DA:143,0
DA:146,0
DA:147,0
DA:148,0
DA:152,0
DA:157,1
LF:70
LH:36
BRDA:31,0,0,0
BRDA:31,0,1,4
BRDA:35,1,0,3
BRDA:35,1,1,1
BRDA:40,2,0,0
BRDA:40,2,1,3
BRDA:63,3,0,0
BRDA:63,3,1,2
BRDA:80,4,0,0
BRDA:80,4,1,0
BRDA:97,5,0,0
BRDA:97,5,1,0
BRDA:101,6,0,0
BRDA:101,6,1,0
BRDA:105,7,0,0
BRDA:105,7,1,0
BRDA:115,8,0,0
BRDA:115,8,1,0
BRDA:117,9,0,0
BRDA:117,9,1,0
BRDA:121,10,0,0
BRDA:121,10,1,0
BRDA:147,11,0,0
BRDA:147,11,1,0
BRF:24
BRH:5
end_of_record
