TN:
SF:C:\Users\jerem\Documents\School\UBC\CPEN321\CPEN321\backend\app.js
FN:20,(anonymous_0)
FN:25,(anonymous_1)
FN:28,(anonymous_2)
FN:35,(anonymous_3)
FN:41,(anonymous_4)
FN:43,(anonymous_5)
FN:52,(anonymous_6)
FN:57,(anonymous_7)
FN:61,(anonymous_8)
FN:66,(anonymous_9)
FN:68,(anonymous_10)
FN:80,(anonymous_11)
FN:83,(anonymous_12)
FN:89,(anonymous_13)
FN:107,(anonymous_14)
FN:109,(anonymous_15)
FN:126,(anonymous_16)
FN:131,(anonymous_17)
FN:141,(anonymous_18)
FN:144,(anonymous_19)
FN:149,(anonymous_20)
FN:154,(anonymous_21)
FN:164,(anonymous_22)
FN:171,(anonymous_23)
FN:181,(anonymous_24)
FN:187,(anonymous_25)
FN:198,(anonymous_26)
FN:213,(anonymous_27)
FN:215,(anonymous_28)
FN:216,(anonymous_29)
FN:225,(anonymous_30)
FN:228,(anonymous_31)
FN:248,(anonymous_32)
FN:260,(anonymous_33)
FN:266,(anonymous_34)
FN:267,(anonymous_35)
FN:308,(anonymous_36)
FN:311,(anonymous_37)
FN:334,(anonymous_38)
FN:359,(anonymous_39)
FN:363,(anonymous_40)
FN:365,(anonymous_41)
FN:384,(anonymous_42)
FN:394,(anonymous_43)
FN:437,(anonymous_44)
FN:458,(anonymous_45)
FN:467,(anonymous_46)
FN:490,(anonymous_47)
FN:494,(anonymous_48)
FN:498,(anonymous_49)
FN:502,(anonymous_50)
FNF:51
FNH:49
FNDA:1,(anonymous_0)
FNDA:0,(anonymous_1)
FNDA:0,(anonymous_2)
FNDA:21,(anonymous_3)
FNDA:6,(anonymous_4)
FNDA:6,(anonymous_5)
FNDA:7,(anonymous_6)
FNDA:4,(anonymous_7)
FNDA:13,(anonymous_8)
FNDA:7,(anonymous_9)
FNDA:5,(anonymous_10)
FNDA:4,(anonymous_11)
FNDA:4,(anonymous_12)
FNDA:3,(anonymous_13)
FNDA:2,(anonymous_14)
FNDA:2,(anonymous_15)
FNDA:2,(anonymous_16)
FNDA:2,(anonymous_17)
FNDA:3,(anonymous_18)
FNDA:3,(anonymous_19)
FNDA:1,(anonymous_20)
FNDA:1,(anonymous_21)
FNDA:2,(anonymous_22)
FNDA:2,(anonymous_23)
FNDA:3,(anonymous_24)
FNDA:2,(anonymous_25)
FNDA:2,(anonymous_26)
FNDA:2,(anonymous_27)
FNDA:2,(anonymous_28)
FNDA:2,(anonymous_29)
FNDA:1,(anonymous_30)
FNDA:2,(anonymous_31)
FNDA:2,(anonymous_32)
FNDA:2,(anonymous_33)
FNDA:2,(anonymous_34)
FNDA:2,(anonymous_35)
FNDA:2,(anonymous_36)
FNDA:3,(anonymous_37)
FNDA:3,(anonymous_38)
FNDA:1,(anonymous_39)
FNDA:2,(anonymous_40)
FNDA:2,(anonymous_41)
FNDA:7,(anonymous_42)
FNDA:7,(anonymous_43)
FNDA:5,(anonymous_44)
FNDA:4,(anonymous_45)
FNDA:4,(anonymous_46)
FNDA:1,(anonymous_47)
FNDA:1,(anonymous_48)
FNDA:1,(anonymous_49)
FNDA:1,(anonymous_50)
DA:1,2
DA:2,2
DA:3,2
DA:4,2
DA:5,2
DA:6,2
DA:7,2
DA:9,2
DA:10,2
DA:12,2
DA:17,2
DA:18,2
DA:20,2
DA:22,2
DA:24,2
DA:26,0
DA:29,0
DA:33,2
DA:35,2
DA:36,21
DA:38,21
DA:41,2
DA:42,6
DA:43,6
DA:44,6
DA:46,0
DA:48,6
DA:52,2
DA:53,7
DA:57,2
DA:58,4
DA:61,2
DA:62,13
DA:66,2
DA:67,7
DA:68,7
DA:69,5
DA:74,4
DA:77,7
DA:80,2
DA:81,4
DA:83,4
DA:84,4
DA:85,0
DA:88,4
DA:89,3
DA:90,3
DA:91,0
DA:93,3
DA:94,3
DA:97,3
DA:101,1
DA:107,2
DA:109,2
DA:111,2
DA:112,0
DA:113,2
DA:114,1
DA:115,1
DA:118,1
DA:120,1
DA:126,2
DA:129,2
DA:131,2
DA:132,2
DA:133,0
DA:136,2
DA:141,2
DA:144,3
DA:145,3
DA:149,2
DA:152,1
DA:154,1
DA:155,1
DA:156,0
DA:159,1
DA:164,2
DA:167,2
DA:169,2
DA:172,2
DA:173,0
DA:176,2
DA:181,2
DA:184,3
DA:185,3
DA:187,2
DA:188,2
DA:189,0
DA:191,2
DA:194,1
DA:198,2
DA:199,2
DA:201,2
DA:202,2
DA:203,2
DA:204,2
DA:205,2
DA:206,2
DA:207,2
DA:208,2
DA:213,2
DA:214,2
DA:215,2
DA:216,2
DA:217,2
DA:218,2
DA:223,2
DA:224,2
DA:226,1
DA:227,1
DA:228,1
DA:229,2
DA:230,2
DA:237,1
DA:243,2
DA:244,2
DA:245,2
DA:246,2
DA:247,2
DA:248,2
DA:252,2
DA:253,2
DA:254,2
DA:257,2
DA:261,2
DA:262,0
DA:266,2
DA:268,2
DA:272,2
DA:273,2
DA:274,1
DA:278,2
DA:279,2
DA:280,2
DA:281,2
DA:282,1
DA:284,2
DA:285,1
DA:289,2
DA:305,2
DA:311,2
DA:313,3
DA:314,0
DA:318,3
DA:319,3
DA:323,0
DA:329,2
DA:334,2
DA:336,3
DA:337,3
DA:338,2
DA:341,3
DA:342,2
DA:348,3
DA:350,3
DA:351,1
DA:353,2
DA:359,2
DA:360,1
DA:363,2
DA:365,2
DA:366,2
DA:367,0
DA:369,2
DA:376,2
DA:377,2
DA:378,2
DA:379,2
DA:380,2
DA:381,2
DA:382,2
DA:383,2
DA:384,2
DA:385,7
DA:390,7
DA:395,7
DA:396,0
DA:402,7
DA:403,7
DA:404,7
DA:406,5
DA:409,7
DA:412,1
DA:413,0
DA:416,1
DA:422,6
DA:424,2
DA:426,6
DA:428,1
DA:429,0
DA:432,1
DA:437,5
DA:438,5
DA:440,5
DA:441,5
DA:443,5
DA:445,4
DA:446,0
DA:450,5
DA:458,2
DA:463,4
DA:468,4
DA:469,0
DA:474,4
DA:475,4
DA:476,4
DA:478,2
DA:482,2
DA:485,4
DA:490,2
DA:491,1
DA:494,2
DA:495,1
DA:498,2
DA:499,1
DA:502,2
DA:503,1
DA:506,2
LF:218
LH:199
BRDA:44,0,0,0
BRDA:44,0,1,6
BRDA:53,1,0,7
BRDA:53,1,1,3
BRDA:53,1,2,2
BRDA:53,1,3,2
BRDA:53,1,4,2
BRDA:53,1,5,2
BRDA:53,1,6,2
BRDA:53,1,7,2
BRDA:53,1,8,2
BRDA:58,2,0,4
BRDA:58,2,1,3
BRDA:58,2,2,3
BRDA:62,3,0,13
BRDA:62,3,1,9
BRDA:62,3,2,8
BRDA:69,4,0,4
BRDA:69,4,1,1
BRDA:84,5,0,0
BRDA:84,5,1,4
BRDA:88,6,0,3
BRDA:88,6,1,1
BRDA:90,7,0,0
BRDA:90,7,1,3
BRDA:111,8,0,0
BRDA:111,8,1,2
BRDA:113,9,0,1
BRDA:113,9,1,1
BRDA:132,10,0,0
BRDA:132,10,1,2
BRDA:155,11,0,0
BRDA:155,11,1,1
BRDA:172,12,0,0
BRDA:172,12,1,2
BRDA:188,13,0,0
BRDA:188,13,1,2
BRDA:226,14,0,1
BRDA:226,14,1,0
BRDA:229,15,0,2
BRDA:229,15,1,0
BRDA:261,16,0,0
BRDA:261,16,1,2
BRDA:273,17,0,1
BRDA:273,17,1,1
BRDA:281,18,0,1
BRDA:281,18,1,1
BRDA:284,19,0,1
BRDA:284,19,1,1
BRDA:313,20,0,0
BRDA:313,20,1,3
BRDA:318,21,0,3
BRDA:318,21,1,0
BRDA:318,22,0,3
BRDA:318,22,1,3
BRDA:337,23,0,2
BRDA:337,23,1,1
BRDA:337,24,0,3
BRDA:337,24,1,3
BRDA:341,25,0,2
BRDA:341,25,1,1
BRDA:341,26,0,3
BRDA:341,26,1,3
BRDA:350,27,0,1
BRDA:350,27,1,2
BRDA:366,28,0,0
BRDA:366,28,1,2
BRDA:391,29,0,2
BRDA:391,29,1,5
BRDA:392,30,0,2
BRDA:392,30,1,5
BRDA:393,31,0,2
BRDA:393,31,1,5
BRDA:395,32,0,0
BRDA:395,32,1,7
BRDA:404,33,0,5
BRDA:404,33,1,2
BRDA:409,34,0,1
BRDA:409,34,1,6
BRDA:409,35,0,7
BRDA:409,35,1,3
BRDA:412,36,0,0
BRDA:412,36,1,1
BRDA:422,37,0,2
BRDA:422,37,1,4
BRDA:426,38,0,1
BRDA:426,38,1,5
BRDA:428,39,0,0
BRDA:428,39,1,1
BRDA:443,40,0,4
BRDA:443,40,1,1
BRDA:445,41,0,0
BRDA:445,41,1,4
BRDA:464,42,0,1
BRDA:464,42,1,3
BRDA:465,43,0,1
BRDA:465,43,1,3
BRDA:466,44,0,1
BRDA:466,44,1,3
BRDA:468,45,0,0
BRDA:468,45,1,4
BRDA:476,46,0,2
BRDA:476,46,1,2
BRF:103
BRH:84
end_of_record
